This file contains any messages produced by compilers while
running configure, to aid debugging if configure makes a mistake.

It was created by DataSample configure 1.0stable, which was
generated by GNU Autoconf 2.59.  Invocation command line was

  $ ./configure --prefix=/optemo/site/lib/c_code/learningCodes/codes/LP -C --cache-file=../../config.cache --srcdir=.

## --------- ##
## Platform. ##
## --------- ##

hostname = maryam-mahdavianis-imac.local
uname -m = i386
uname -r = 9.5.2
uname -s = Darwin
uname -v = Darwin Kernel Version 9.5.2: Thu Oct  2 14:51:59 PDT 2008; root:xnu-1228.8.59~2/RELEASE_I386

/usr/bin/uname -p = i386
/bin/uname -X     = unknown

/bin/arch              = unknown
/usr/bin/arch -k       = unknown
/usr/convex/getsysinfo = unknown
hostinfo               = Mach kernel version:
	 Darwin Kernel Version 9.5.2: Thu Oct  2 14:51:59 PDT 2008; root:xnu-1228.8.59~2/RELEASE_I386
Kernel configured for up to 2 processors.
2 processors are physically available.
2 processors are logically available.
Processor type: i486 (Intel 80486)
Processors active: 0 1
Primary memory available: 2.00 gigabytes
Default processor set: 82 tasks, 444 threads, 2 processors
Load average: 1.18, Mach factor: 0.81
/bin/machine           = unknown
/usr/bin/oslevel       = unknown
/bin/universe          = unknown

PATH: /Users/maryam/fastlib2/script
PATH: /opt/local/bin
PATH: /opt/local/sbin
PATH: /usr/local/bin
PATH: /usr/local/sbin
PATH: /usr/local/mysql/bin
PATH: /Users/maryam/fastlib2/script
PATH: /usr/bin
PATH: /bin
PATH: /usr/sbin
PATH: /sbin
PATH: /usr/local/bin
PATH: /usr/X11/bin
PATH: /usr/local/git/bin
PATH: /usr/X11R6/bin
PATH: /usr/X11/bin


## ----------- ##
## Core tests. ##
## ----------- ##

configure:1232: loading cache ../../config.cache
configure:1340: checking for egrep
configure:1350: result: grep -E
configure:1394: checking for a BSD-compatible install
configure:1449: result: /usr/bin/install -c
configure:1460: checking whether build environment is sane
configure:1503: result: yes
configure:1568: checking for gawk
configure:1594: result: awk
configure:1604: checking whether make sets $(MAKE)
configure:1624: result: yes
configure:1796: checking whether to enable maintainer-specific portions of Makefiles
configure:1805: result: no
configure:2211: checking for style of include used by make
configure:2239: result: GNU
configure:2310: checking for gcc
configure:2336: result: cc
configure:2580: checking for C compiler version
configure:2583: cc --version </dev/null >&5
i686-apple-darwin9-gcc-4.0.1 (GCC) 4.0.1 (Apple Inc. build 5490)
Copyright (C) 2005 Free Software Foundation, Inc.
This is free software; see the source for copying conditions.  There is NO
warranty; not even for MERCHANTABILITY or FITNESS FOR A PARTICULAR PURPOSE.

configure:2586: $? = 0
configure:2588: cc -v </dev/null >&5
Using built-in specs.
Target: i686-apple-darwin9
Configured with: /var/tmp/gcc/gcc-5490~1/src/configure --disable-checking -enable-werror --prefix=/usr --mandir=/share/man --enable-languages=c,objc,c++,obj-c++ --program-transform-name=/^[cg][^.-]*$/s/$/-4.0/ --with-gxx-include-dir=/include/c++/4.0.0 --with-slibdir=/usr/lib --build=i686-apple-darwin9 --with-arch=apple --with-tune=generic --host=i686-apple-darwin9 --target=i686-apple-darwin9
Thread model: posix
gcc version 4.0.1 (Apple Inc. build 5490)
configure:2591: $? = 0
configure:2593: cc -V </dev/null >&5
gcc-4.0: argument to `-V' is missing
configure:2596: $? = 1
configure:2619: checking for C compiler default output file name
configure:2622: cc    conftest.c  >&5
configure:2625: $? = 0
configure:2671: result: a.out
configure:2676: checking whether the C compiler works
configure:2682: ./a.out
configure:2685: $? = 0
configure:2702: result: yes
configure:2709: checking whether we are cross compiling
configure:2711: result: no
configure:2714: checking for suffix of executables
configure:2716: cc -o conftest    conftest.c  >&5
configure:2719: $? = 0
configure:2744: result: 
configure:2750: checking for suffix of object files
configure:2796: result: o
configure:2800: checking whether we are using the GNU C compiler
configure:2856: result: yes
configure:2862: checking whether cc accepts -g
configure:2913: result: yes
configure:2930: checking for cc option to accept ANSI C
configure:3037: result: none needed
configure:3055: cc -c -g -O2  conftest.c >&5
conftest.c:2: error: syntax error before 'me'
configure:3061: $? = 1
configure: failed program was:
| #ifndef __cplusplus
|   choke me
| #endif
configure:3196: checking dependency style of cc
configure:3286: result: gcc3
configure:3309: checking how to run the C preprocessor
configure:3427: result: cc -E
configure:3451: cc -E  conftest.c
configure:3457: $? = 0
configure:3489: cc -E  conftest.c
conftest.c:11:28: error: ac_nonexistent.h: No such file or directory
configure:3495: $? = 1
configure: failed program was:
| /* confdefs.h.  */
| 
| #define PACKAGE_NAME "DataSample"
| #define PACKAGE_TARNAME "datasample"
| #define PACKAGE_VERSION "1.0stable"
| #define PACKAGE_STRING "DataSample 1.0stable"
| #define PACKAGE_BUGREPORT "https://projects.coin-or.org/BuildTools/"
| #define PACKAGE "datasample"
| #define VERSION "1.0stable"
| /* end confdefs.h.  */
| #include <ac_nonexistent.h>
configure:3539: checking for ANSI C header files
configure:3695: result: yes
configure:3719: checking for sys/types.h
configure:3765: result: yes
configure:3719: checking for sys/stat.h
configure:3765: result: yes
configure:3719: checking for stdlib.h
configure:3765: result: yes
configure:3719: checking for string.h
configure:3765: result: yes
configure:3719: checking for memory.h
configure:3765: result: yes
configure:3719: checking for strings.h
configure:3765: result: yes
configure:3719: checking for inttypes.h
configure:3765: result: yes
configure:3719: checking for stdint.h
configure:3765: result: yes
configure:3719: checking for unistd.h
configure:3765: result: yes
configure:4036: checking whether this is a VPATH configuration
configure:4043: result: no
configure:4241: checking which command should be used to link input files
configure:4251: result: 
configure:4455: creating ./config.status

## ---------------------- ##
## Running config.status. ##
## ---------------------- ##

This file was extended by DataSample config.status 1.0stable, which was
generated by GNU Autoconf 2.59.  Invocation command line was

  CONFIG_FILES    = 
  CONFIG_HEADERS  = 
  CONFIG_LINKS    = 
  CONFIG_COMMANDS = 
  $ ./config.status 

on maryam-mahdavianis-imac.local

config.status:704: creating Makefile
config.status:887: executing depfiles commands
configure:5570: Main configuration of DataSample successful

## ---------------- ##
## Cache variables. ##
## ---------------- ##

ac_cv_build=i386-apple-darwin9.5.2
ac_cv_build_alias=i386-apple-darwin9.5.2
ac_cv_c_compiler_gnu=yes
ac_cv_cxx_compiler_gnu=yes
ac_cv_env_ADD_CFLAGS_set=
ac_cv_env_ADD_CFLAGS_value=
ac_cv_env_ADD_CXXFLAGS_set=
ac_cv_env_ADD_CXXFLAGS_value=
ac_cv_env_ADD_FFLAGS_set=
ac_cv_env_ADD_FFLAGS_value=
ac_cv_env_CC_set=
ac_cv_env_CC_value=
ac_cv_env_CDEFS_set=
ac_cv_env_CDEFS_value=
ac_cv_env_CFLAGS_set=
ac_cv_env_CFLAGS_value=
ac_cv_env_COIN_SKIP_PROJECTS_set=
ac_cv_env_COIN_SKIP_PROJECTS_value=
ac_cv_env_CPPFLAGS_set=
ac_cv_env_CPPFLAGS_value=
ac_cv_env_CPP_set=
ac_cv_env_CPP_value=
ac_cv_env_CXXCPP_set=
ac_cv_env_CXXCPP_value=
ac_cv_env_CXXDEFS_set=
ac_cv_env_CXXDEFS_value=
ac_cv_env_CXXFLAGS_set=
ac_cv_env_CXXFLAGS_value=
ac_cv_env_CXX_set=
ac_cv_env_CXX_value=
ac_cv_env_DBG_CFLAGS_set=
ac_cv_env_DBG_CFLAGS_value=
ac_cv_env_DBG_CXXFLAGS_set=
ac_cv_env_DBG_CXXFLAGS_value=
ac_cv_env_DBG_FFLAGS_set=
ac_cv_env_DBG_FFLAGS_value=
ac_cv_env_F77_set=
ac_cv_env_F77_value=
ac_cv_env_FFLAGS_set=
ac_cv_env_FFLAGS_value=
ac_cv_env_LDFLAGS_set=
ac_cv_env_LDFLAGS_value=
ac_cv_env_MPICC_set=
ac_cv_env_MPICC_value=
ac_cv_env_MPICXX_set=
ac_cv_env_MPICXX_value=
ac_cv_env_MPIF77_set=
ac_cv_env_MPIF77_value=
ac_cv_env_OPT_CFLAGS_set=
ac_cv_env_OPT_CFLAGS_value=
ac_cv_env_OPT_CXXFLAGS_set=
ac_cv_env_OPT_CXXFLAGS_value=
ac_cv_env_OPT_FFLAGS_set=
ac_cv_env_OPT_FFLAGS_value=
ac_cv_env_build_alias_set=
ac_cv_env_build_alias_value=
ac_cv_env_host_alias_set=
ac_cv_env_host_alias_value=
ac_cv_env_target_alias_set=
ac_cv_env_target_alias_value=
ac_cv_exeext=
ac_cv_have_decl_finite=yes
ac_cv_have_decl_isnan=no
ac_cv_have_decl_std__isnan_42_42_=yes
ac_cv_header_cassert=yes
ac_cv_header_cfloat=yes
ac_cv_header_cieeefp=no
ac_cv_header_cinttypes=no
ac_cv_header_cmath=yes
ac_cv_header_dlfcn_h=yes
ac_cv_header_ieeefp_h=no
ac_cv_header_inttypes_h=yes
ac_cv_header_memory_h=yes
ac_cv_header_stdc=yes
ac_cv_header_stdint_h=yes
ac_cv_header_stdlib_h=yes
ac_cv_header_string_h=yes
ac_cv_header_strings_h=yes
ac_cv_header_sys_stat_h=yes
ac_cv_header_sys_types_h=yes
ac_cv_header_unistd_h=yes
ac_cv_header_windows_h=no
ac_cv_host=i386-apple-darwin9.5.2
ac_cv_host_alias=i386-apple-darwin9.5.2
ac_cv_objext=o
ac_cv_path_install='/usr/bin/install -c'
ac_cv_prog_AWK=awk
ac_cv_prog_CPP='cc -E'
ac_cv_prog_CXXCPP='g++ -E'
ac_cv_prog_ac_ct_AR=ar
ac_cv_prog_ac_ct_CC=cc
ac_cv_prog_ac_ct_CXX=g++
ac_cv_prog_ac_ct_RANLIB=ranlib
ac_cv_prog_ac_ct_STRIP=strip
ac_cv_prog_cc_g=yes
ac_cv_prog_cc_stdc=
ac_cv_prog_cxx_g=yes
ac_cv_prog_egrep='grep -E'
ac_cv_prog_make_make_set=yes
ac_cv_type_int64_t=yes
ac_cv_type_intptr_t=yes
am_cv_CC_dependencies_compiler_type=gcc3
am_cv_CXX_dependencies_compiler_type=gcc3
lt_cv_deplibs_check_method=pass_all
lt_cv_file_magic_cmd='$MAGIC_CMD'
lt_cv_file_magic_test_file=
lt_cv_ld_reload_flag=-r
lt_cv_objdir=.libs
lt_cv_path_LD=/usr/libexec/gcc/i686-apple-darwin9/4.0.1/ld
lt_cv_path_LDCXX=/usr/libexec/gcc/i686-apple-darwin9/4.0.1/ld
lt_cv_path_NM='/usr/bin/nm -p'
lt_cv_path_SED=/usr/bin/sed
lt_cv_prog_compiler_c_o=yes
lt_cv_prog_compiler_c_o_CXX=yes
lt_cv_prog_compiler_c_o_F77=no
lt_cv_prog_compiler_rtti_exceptions=no
lt_cv_prog_gnu_ld=no
lt_cv_prog_gnu_ldcxx=no
lt_cv_sys_global_symbol_pipe='sed -n -e '\''s/^.*[ 	]\([BCDEGRST][BCDEGRST]*\)[ 	][ 	]*_\([_A-Za-z][_A-Za-z0-9]*\)$/\1 _\2 \2/p'\'''
lt_cv_sys_global_symbol_to_c_name_address='sed -n -e '\''s/^: \([^ ]*\) $/  {\"\1\", (lt_ptr) 0},/p'\'' -e '\''s/^[BCDEGRST] \([^ ]*\) \([^ ]*\)$/  {"\2", (lt_ptr) \&\2},/p'\'''
lt_cv_sys_global_symbol_to_cdecl='sed -n -e '\''s/^. .* \(.*\)$/extern int \1;/p'\'''
lt_cv_sys_max_cmd_len=196608
lt_lt_cv_prog_compiler_c_o='"yes"'
lt_lt_cv_prog_compiler_c_o_CXX='"yes"'
lt_lt_cv_prog_compiler_c_o_F77='"no"'
lt_lt_cv_sys_global_symbol_pipe='"sed -n -e '\''s/^.*[ 	]\\([BCDEGRST][BCDEGRST]*\\)[ 	][ 	]*_\\([_A-Za-z][_A-Za-z0-9]*\\)\$/\\1 _\\2 \\2/p'\''"'
lt_lt_cv_sys_global_symbol_to_c_name_address='"sed -n -e '\''s/^: \\([^ ]*\\) \$/  {\\\"\\1\\\", (lt_ptr) 0},/p'\'' -e '\''s/^[BCDEGRST] \\([^ ]*\\) \\([^ ]*\\)\$/  {\"\\2\", (lt_ptr) \\&\\2},/p'\''"'
lt_lt_cv_sys_global_symbol_to_cdecl='"sed -n -e '\''s/^. .* \\(.*\\)\$/extern int \\1;/p'\''"'

## ----------------- ##
## Output variables. ##
## ----------------- ##

ACLOCAL='${SHELL} /optemo/site/lib/c_code/learningCodes/codes/LP/missing --run aclocal-1.9'
AMDEPBACKSLASH='\'
AMDEP_FALSE='#'
AMDEP_TRUE=''
AMTAR='${SHELL} /optemo/site/lib/c_code/learningCodes/codes/LP/missing --run tar'
AUTOCONF='${SHELL} /optemo/site/lib/c_code/learningCodes/codes/LP/missing --run autoconf'
AUTOHEADER='${SHELL} /optemo/site/lib/c_code/learningCodes/codes/LP/missing --run autoheader'
AUTOMAKE='${SHELL} /optemo/site/lib/c_code/learningCodes/codes/LP/missing --run automake-1.9'
AUX_DIR=''
AWK='awk'
BUILDTOOLSDIR=''
CC='cc'
CCDEPMODE='depmode=gcc3'
CFLAGS='-g -O2'
COIN_HAS_ZLIB_FALSE=''
COIN_HAS_ZLIB_TRUE='#'
CPP='cc -E'
CPPFLAGS=''
CYGPATH_W='echo'
DEFS='-DPACKAGE_NAME=\"DataSample\" -DPACKAGE_TARNAME=\"datasample\" -DPACKAGE_VERSION=\"1.0stable\" -DPACKAGE_STRING=\"DataSample\ 1.0stable\" -DPACKAGE_BUGREPORT=\"https://projects.coin-or.org/BuildTools/\" -DPACKAGE=\"datasample\" -DVERSION=\"1.0stable\" -DSTDC_HEADERS=1 -DHAVE_SYS_TYPES_H=1 -DHAVE_SYS_STAT_H=1 -DHAVE_STDLIB_H=1 -DHAVE_STRING_H=1 -DHAVE_MEMORY_H=1 -DHAVE_STRINGS_H=1 -DHAVE_INTTYPES_H=1 -DHAVE_STDINT_H=1 -DHAVE_UNISTD_H=1 '
DEPDIR='.deps'
ECHO_C='ECHO_N=''
ECHO_T=''
EGREP='grep -E'
EXAMPLE_CLEAN_FILES=''
EXAMPLE_FILES=' afiro.mps brandy.mps e226.mps exmip1.5.mps exmip1.mps finnis.mps hello.mps nw460.mps p0033.mps p0201.mps p0548.mps pack1.mps scOneInt.mps share2qp.mps tp3.mps tp4.mps tp5.mps input.130 app0110.cor app0110.stoch app0110.time app0110R.cor app0110R.stoch app0110R.time bug.cor bug.stoch bug.time'
EXAMPLE_UNCOMPRESSED_FILES=''
EXEEXT=''
HAVE_EXTERNALS_FALSE=''
HAVE_EXTERNALS_TRUE='#'
INSTALL_DATA='${INSTALL} -m 644'
INSTALL_PROGRAM='${INSTALL}'
INSTALL_SCRIPT='${INSTALL}'
INSTALL_STRIP_PROGRAM='${SHELL} $(install_sh) -c -s'
LDFLAGS=''
LIBEXT='a'
LIBOBJS=''
LIBS=''
LIBTOOLM4=''
LN_S=''
LTLIBOBJS=''
MAINT='#'
MAINTAINER_MODE_FALSE=''
MAINTAINER_MODE_TRUE='#'
MAKEINFO='${SHELL} /optemo/site/lib/c_code/learningCodes/codes/LP/missing --run makeinfo'
OBJEXT='o'
PACKAGE='datasample'
PACKAGE_BUGREPORT='https://projects.coin-or.org/BuildTools/'
PACKAGE_NAME='DataSample'
PACKAGE_STRING='DataSample 1.0stable'
PACKAGE_TARNAME='datasample'
PACKAGE_VERSION='1.0stable'
PATH_SEPARATOR=':'
SET_MAKE=''
SHELL='/bin/sh'
STRIP=''
VERSION='1.0stable'
VPATH_DISTCLEANFILES=''
abs_bin_dir='/optemo/site/lib/c_code/learningCodes/codes/LP/bin'
abs_include_dir='/optemo/site/lib/c_code/learningCodes/codes/LP/include'
abs_lib_dir='/optemo/site/lib/c_code/learningCodes/codes/LP/lib'
abs_source_dir='/optemo/site/lib/c_code/learningCodes/codes/LP/Data/Sample'
ac_ct_CC='cc'
ac_ct_STRIP=''
am__fastdepCC_FALSE='#'
am__fastdepCC_TRUE=''
am__include='include'
am__leading_dot='.'
am__quote=''
am__tar='${AMTAR} chof - "$$tardir"'
am__untar='${AMTAR} xf -'
bindir='${exec_prefix}/bin'
build_alias=''
datadir='${prefix}/share'
exec_prefix='${prefix}'
have_autoconf=''
have_automake=''
have_svn=''
host_alias=''
includedir='${prefix}/include'
infodir='${prefix}/info'
install_sh='/optemo/site/lib/c_code/learningCodes/codes/LP/install-sh'
libdir='${exec_prefix}/lib'
libexecdir='${exec_prefix}/libexec'
localstatedir='${prefix}/var'
mandir='${prefix}/man'
mkdir_p='$(install_sh) -d'
oldincludedir='/usr/include'
prefix='/optemo/site/lib/c_code/learningCodes/codes/LP'
program_transform_name='s,x,x,'
sbindir='${exec_prefix}/sbin'
sharedstatedir='${prefix}/com'
sysconfdir='${prefix}/etc'
target_alias=''

## ----------- ##
## confdefs.h. ##
## ----------- ##

#define HAVE_INTTYPES_H 1
#define HAVE_MEMORY_H 1
#define HAVE_STDINT_H 1
#define HAVE_STDLIB_H 1
#define HAVE_STRINGS_H 1
#define HAVE_STRING_H 1
#define HAVE_SYS_STAT_H 1
#define HAVE_SYS_TYPES_H 1
#define HAVE_UNISTD_H 1
#define PACKAGE "datasample"
#define PACKAGE_BUGREPORT "https://projects.coin-or.org/BuildTools/"
#define PACKAGE_NAME "DataSample"
#define PACKAGE_STRING "DataSample 1.0stable"
#define PACKAGE_TARNAME "datasample"
#define PACKAGE_VERSION "1.0stable"
#define STDC_HEADERS 1
#define VERSION "1.0stable"

configure: exit 0
