Determining if files glib.h exist failed with the following output:
/usr/bin/make -f CMakeFiles/cmTryCompileExec.dir/build.make CMakeFiles/cmTryCompileExec.dir/build
/usr/local/bin/cmake -E cmake_progress_report /Users/maryam/mysql_connector_cpp_1_0_0_preview/CMakeFiles/CMakeTmp/CMakeFiles 1
Building C object CMakeFiles/cmTryCompileExec.dir/CheckIncludeFiles.o
/usr/bin/gcc  -I/usr/lib/glib-2.0/include -I/usr/include/glib-2.0   -o CMakeFiles/cmTryCompileExec.dir/CheckIncludeFiles.o   -c /Users/maryam/mysql_connector_cpp_1_0_0_preview/CMakeFiles/CMakeTmp/CheckIncludeFiles.c
/Users/maryam/mysql_connector_cpp_1_0_0_preview/CMakeFiles/CMakeTmp/CheckIncludeFiles.c:2:18: error: glib.h: No such file or directory
make[1]: *** [CMakeFiles/cmTryCompileExec.dir/CheckIncludeFiles.o] Error 1
make: *** [cmTryCompileExec/fast] Error 2

Source:
/* */
#include <glib.h>


int main(){return 0;}

Determining if files glib.h exist failed with the following output:
/usr/bin/make -f CMakeFiles/cmTryCompileExec.dir/build.make CMakeFiles/cmTryCompileExec.dir/build
/usr/local/bin/cmake -E cmake_progress_report /Users/maryam/serverFiles/optemo/site/lib/c_code/mysql_connector_cpp_1_0_0_preview/CMakeFiles/CMakeTmp/CMakeFiles 1
Building C object CMakeFiles/cmTryCompileExec.dir/CheckIncludeFiles.o
/usr/bin/gcc  -I/usr/lib/glib-2.0/include -I/usr/include/glib-2.0   -o CMakeFiles/cmTryCompileExec.dir/CheckIncludeFiles.o   -c /Users/maryam/serverFiles/optemo/site/lib/c_code/mysql_connector_cpp_1_0_0_preview/CMakeFiles/CMakeTmp/CheckIncludeFiles.c
/Users/maryam/serverFiles/optemo/site/lib/c_code/mysql_connector_cpp_1_0_0_preview/CMakeFiles/CMakeTmp/CheckIncludeFiles.c:2:18: error: glib.h: No such file or directory
make[1]: *** [CMakeFiles/cmTryCompileExec.dir/CheckIncludeFiles.o] Error 1
make: *** [cmTryCompileExec/fast] Error 2

Source:
/* */
#include <glib.h>


int main(){return 0;}

Determining if files glib.h exist failed with the following output:
/usr/bin/make -f CMakeFiles/cmTryCompileExec.dir/build.make CMakeFiles/cmTryCompileExec.dir/build
/usr/local/bin/cmake -E cmake_progress_report /Users/maryam/serverFiles/optemo/site/lib/c_code/clusteringCode/CMakeFiles/CMakeTmp/CMakeFiles 1
Building C object CMakeFiles/cmTryCompileExec.dir/CheckIncludeFiles.o
/usr/bin/gcc  -I/usr/lib/glib-2.0/include -I/usr/include/glib-2.0   -o CMakeFiles/cmTryCompileExec.dir/CheckIncludeFiles.o   -c /Users/maryam/serverFiles/optemo/site/lib/c_code/clusteringCode/CMakeFiles/CMakeTmp/CheckIncludeFiles.c
/Users/maryam/serverFiles/optemo/site/lib/c_code/clusteringCode/CMakeFiles/CMakeTmp/CheckIncludeFiles.c:2:18: error: glib.h: No such file or directory
make[1]: *** [CMakeFiles/cmTryCompileExec.dir/CheckIncludeFiles.o] Error 1
make: *** [cmTryCompileExec/fast] Error 2

Source:
/* */
#include <glib.h>


int main(){return 0;}

Determining if files glib.h exist failed with the following output:
/usr/bin/make -f CMakeFiles/cmTryCompileExec.dir/build.make CMakeFiles/cmTryCompileExec.dir/build
/usr/local/bin/cmake -E cmake_progress_report /Users/maryam/serverFiles/optemo/site/lib/c_code/clusteringCode/CMakeFiles/CMakeTmp/CMakeFiles 1
Building C object CMakeFiles/cmTryCompileExec.dir/CheckIncludeFiles.o
/usr/bin/gcc  -I/usr/lib/glib-2.0/include -I/usr/include/glib-2.0   -o CMakeFiles/cmTryCompileExec.dir/CheckIncludeFiles.o   -c /Users/maryam/serverFiles/optemo/site/lib/c_code/clusteringCode/CMakeFiles/CMakeTmp/CheckIncludeFiles.c
/Users/maryam/serverFiles/optemo/site/lib/c_code/clusteringCode/CMakeFiles/CMakeTmp/CheckIncludeFiles.c:2:18: error: glib.h: No such file or directory
make[1]: *** [CMakeFiles/cmTryCompileExec.dir/CheckIncludeFiles.o] Error 1
make: *** [cmTryCompileExec/fast] Error 2

Source:
/* */
#include <glib.h>


int main(){return 0;}

Determining if files glib.h exist failed with the following output:
/usr/bin/make -f CMakeFiles/cmTryCompileExec.dir/build.make CMakeFiles/cmTryCompileExec.dir/build
/usr/local/bin/cmake -E cmake_progress_report /Users/maryam/serverFiles/optemo/site/lib/c_code/clusteringCode/CMakeFiles/CMakeTmp/CMakeFiles 1
Building C object CMakeFiles/cmTryCompileExec.dir/CheckIncludeFiles.o
/usr/bin/gcc  -I/usr/lib/glib-2.0/include -I/usr/include/glib-2.0   -o CMakeFiles/cmTryCompileExec.dir/CheckIncludeFiles.o   -c /Users/maryam/serverFiles/optemo/site/lib/c_code/clusteringCode/CMakeFiles/CMakeTmp/CheckIncludeFiles.c
/Users/maryam/serverFiles/optemo/site/lib/c_code/clusteringCode/CMakeFiles/CMakeTmp/CheckIncludeFiles.c:2:18: error: glib.h: No such file or directory
make[1]: *** [CMakeFiles/cmTryCompileExec.dir/CheckIncludeFiles.o] Error 1
make: *** [cmTryCompileExec/fast] Error 2

Source:
/* */
#include <glib.h>


int main(){return 0;}

Determining if files glib.h exist failed with the following output:
/usr/bin/make -f CMakeFiles/cmTryCompileExec.dir/build.make CMakeFiles/cmTryCompileExec.dir/build
/usr/local/bin/cmake -E cmake_progress_report /Users/maryam/clusteringCode/CMakeFiles/CMakeTmp/CMakeFiles 1
Building C object CMakeFiles/cmTryCompileExec.dir/CheckIncludeFiles.o
/usr/bin/gcc  -I/usr/lib/glib-2.0/include -I/usr/include/glib-2.0   -o CMakeFiles/cmTryCompileExec.dir/CheckIncludeFiles.o   -c /Users/maryam/clusteringCode/CMakeFiles/CMakeTmp/CheckIncludeFiles.c
/Users/maryam/clusteringCode/CMakeFiles/CMakeTmp/CheckIncludeFiles.c:2:18: error: glib.h: No such file or directory
make[1]: *** [CMakeFiles/cmTryCompileExec.dir/CheckIncludeFiles.o] Error 1
make: *** [cmTryCompileExec/fast] Error 2

Source:
/* */
#include <glib.h>


int main(){return 0;}

Determining if files glib.h exist failed with the following output:
/usr/bin/make -f CMakeFiles/cmTryCompileExec.dir/build.make CMakeFiles/cmTryCompileExec.dir/build
/usr/local/bin/cmake -E cmake_progress_report /optemo/site/lib/c_code/clusteringCode/CMakeFiles/CMakeTmp/CMakeFiles 1
Building C object CMakeFiles/cmTryCompileExec.dir/CheckIncludeFiles.o
/usr/bin/gcc  -I/usr/lib/glib-2.0/include -I/usr/include/glib-2.0   -o CMakeFiles/cmTryCompileExec.dir/CheckIncludeFiles.o   -c /optemo/site/lib/c_code/clusteringCode/CMakeFiles/CMakeTmp/CheckIncludeFiles.c
/optemo/site/lib/c_code/clusteringCode/CMakeFiles/CMakeTmp/CheckIncludeFiles.c:2:18: error: glib.h: No such file or directory
make[1]: *** [CMakeFiles/cmTryCompileExec.dir/CheckIncludeFiles.o] Error 1
make: *** [cmTryCompileExec/fast] Error 2

Source:
/* */
#include <glib.h>


int main(){return 0;}

