LOGGER      [2010-07-28 10:18:37 -0700] Getting a list of all Amazon IDs associated with printer_us. This may take a while
LOGGER      [2010-07-28 10:18:37 -0700] Done getting Amazon IDs!
LOGGER      Will scrape 298 printer_us from Amazon Marketplace, 1217 already exist
LOGGER      Scraping ASIN B0036TGGVO from us
LOGGER      [2010-07-28 10:18:39 -0700] Progress: done 1 of 298 printer_us...
LOGGER      Scraping ASIN B002ZIPKQO from us
LOGGER      [2010-07-28 10:18:40 -0700] Progress: done 2 of 298 printer_us...
LOGGER      Scraping ASIN B00165TATA from us
LOGGER      [2010-07-28 10:18:41 -0700] Progress: done 3 of 298 printer_us...
LOGGER      Scraping ASIN B003G2OVCC from us
LOGGER      [2010-07-28 10:18:42 -0700] Progress: done 4 of 298 printer_us...
LOGGER      Scraping ASIN B0036TGGW8 from us
LOGGER      [2010-07-28 10:18:43 -0700] Progress: done 5 of 298 printer_us...
LOGGER      Scraping ASIN B0036TGGJQ from us
LOGGER      [2010-07-28 10:18:44 -0700] Progress: done 6 of 298 printer_us...
LOGGER      Scraping ASIN B002VPU9E4 from us
LOGGER      [2010-07-28 10:18:45 -0700] Progress: done 7 of 298 printer_us...
LOGGER      Scraping ASIN B003N3DOYK from us
LOGGER      [2010-07-28 10:18:47 -0700] Progress: done 8 of 298 printer_us...
LOGGER      Scraping ASIN B002T3RJQ4 from us
LOGGER      [2010-07-28 10:18:48 -0700] Progress: done 9 of 298 printer_us...
LOGGER      Scraping ASIN B002VPU9EO from us
LOGGER      [2010-07-28 10:18:49 -0700] Progress: done 10 of 298 printer_us...
LOGGER      Scraping ASIN B0015RRYZ6 from us
LOGGER      [2010-07-28 10:18:51 -0700] Progress: done 11 of 298 printer_us...
LOGGER      Scraping ASIN B001OXHGFO from us
LOGGER      [2010-07-28 10:18:54 -0700] Progress: done 12 of 298 printer_us...
LOGGER      Scraping ASIN B002T3RJPA from us
LOGGER      [2010-07-28 10:18:55 -0700] Progress: done 13 of 298 printer_us...
LOGGER      Scraping ASIN B001BHOTZS from us
LOGGER      [2010-07-28 10:18:56 -0700] Progress: done 14 of 298 printer_us...
LOGGER      Scraping ASIN B0009KQS98 from us
LOGGER      [2010-07-28 10:18:58 -0700] Progress: done 15 of 298 printer_us...
LOGGER      Scraping ASIN B001J8BDDK from us
LOGGER      [2010-07-28 10:19:00 -0700] Progress: done 16 of 298 printer_us...
LOGGER      Scraping ASIN B000FHFGCA from us
LOGGER      [2010-07-28 10:19:01 -0700] Progress: done 17 of 298 printer_us...
LOGGER      Scraping ASIN B003HFLUZO from us
LOGGER      [2010-07-28 10:19:04 -0700] Progress: done 18 of 298 printer_us...
LOGGER      Scraping ASIN B0026RYUGU from us
LOGGER      [2010-07-28 10:19:05 -0700] Progress: done 19 of 298 printer_us...
LOGGER      Scraping ASIN B003D1A6KC from us
LOGGER      [2010-07-28 10:19:07 -0700] Progress: done 20 of 298 printer_us...
LOGGER      Scraping ASIN B002VPU9EE from us
LOGGER      [2010-07-28 10:19:08 -0700] Progress: done 21 of 298 printer_us...
LOGGER      Scraping ASIN B003EUG3R2 from us
LOGGER      [2010-07-28 10:19:08 -0700] Progress: done 22 of 298 printer_us...
LOGGER      Scraping ASIN B001DO749C from us
LOGGER      [2010-07-28 10:19:10 -0700] Progress: done 23 of 298 printer_us...
LOGGER      Scraping ASIN B002U0MRMC from us
LOGGER      [2010-07-28 10:19:11 -0700] Progress: done 24 of 298 printer_us...
LOGGER      Scraping ASIN B0010Z3KRO from us
LOGGER      [2010-07-28 10:19:11 -0700] Progress: done 25 of 298 printer_us...
LOGGER      Scraping ASIN B0018KPUKG from us
LOGGER      [2010-07-28 10:19:12 -0700] Progress: done 26 of 298 printer_us...
LOGGER      Scraping ASIN B0000Y7W5C from us
LOGGER      [2010-07-28 10:19:13 -0700] Progress: done 27 of 298 printer_us...
LOGGER      Scraping ASIN B001RHWIXM from us
LOGGER      [2010-07-28 10:19:14 -0700] Progress: done 28 of 298 printer_us...
LOGGER      Scraping ASIN B002FOGQ9I from us
LOGGER      [2010-07-28 10:19:16 -0700] Progress: done 29 of 298 printer_us...
LOGGER      Scraping ASIN B003H4M8XS from us
LOGGER      [2010-07-28 10:19:19 -0700] Progress: done 30 of 298 printer_us...
LOGGER      Scraping ASIN B002SU09CE from us
LOGGER      [2010-07-28 10:19:20 -0700] Progress: done 31 of 298 printer_us...
LOGGER      Scraping ASIN B0013DJVKS from us
LOGGER      [2010-07-28 10:19:20 -0700] Progress: done 32 of 298 printer_us...
LOGGER      Scraping ASIN B000PIUON0 from us
LOGGER      [2010-07-28 10:19:22 -0700] Progress: done 33 of 298 printer_us...
LOGGER      Scraping ASIN B000MFZ20G from us
LOGGER      [2010-07-28 10:19:23 -0700] Progress: done 34 of 298 printer_us...
LOGGER      Scraping ASIN B003B6V3UG from us
LOGGER      [2010-07-28 10:19:26 -0700] Progress: done 35 of 298 printer_us...
LOGGER      Scraping ASIN B001MTHEHK from us
LOGGER      [2010-07-28 10:19:26 -0700] Progress: done 36 of 298 printer_us...
LOGGER      Scraping ASIN B0032IRLUE from us
LOGGER      [2010-07-28 10:19:27 -0700] Progress: done 37 of 298 printer_us...
LOGGER      Scraping ASIN B002AUAZC6 from us
LOGGER      [2010-07-28 10:19:28 -0700] Progress: done 38 of 298 printer_us...
LOGGER      Scraping ASIN B0039QNHSO from us
LOGGER      [2010-07-28 10:19:29 -0700] Progress: done 39 of 298 printer_us...
LOGGER      Scraping ASIN B001MV3XL4 from us
LOGGER      [2010-07-28 10:19:30 -0700] Progress: done 40 of 298 printer_us...
LOGGER      Scraping ASIN B001VEJ25S from us
LOGGER      [2010-07-28 10:19:30 -0700] Progress: done 41 of 298 printer_us...
LOGGER      Scraping ASIN B00134ZIMM from us
LOGGER      [2010-07-28 10:19:31 -0700] Progress: done 42 of 298 printer_us...
LOGGER      Scraping ASIN B001GZC7FY from us
LOGGER      [2010-07-28 10:19:32 -0700] Progress: done 43 of 298 printer_us...
LOGGER      Scraping ASIN B0000YVFR8 from us
LOGGER      [2010-07-28 10:19:34 -0700] Progress: done 44 of 298 printer_us...
LOGGER      Scraping ASIN B001GX6LLC from us
LOGGER      [2010-07-28 10:19:35 -0700] Progress: done 45 of 298 printer_us...
LOGGER      Scraping ASIN B003GMTPXC from us
LOGGER      [2010-07-28 10:19:36 -0700] Progress: done 46 of 298 printer_us...
LOGGER      Scraping ASIN B003LCI3JO from us
LOGGER      [2010-07-28 10:19:37 -0700] Progress: done 47 of 298 printer_us...
LOGGER      Scraping ASIN B002K683WO from us
LOGGER      [2010-07-28 10:19:38 -0700] Progress: done 48 of 298 printer_us...
LOGGER      Scraping ASIN B003DJD36I from us
LOGGER      [2010-07-28 10:19:39 -0700] Progress: done 49 of 298 printer_us...
LOGGER      Scraping ASIN B003UR1KQS from us
LOGGER      [2010-07-28 10:19:40 -0700] Progress: done 50 of 298 printer_us...
LOGGER      Scraping ASIN B003TJ7D1I from us
LOGGER      [2010-07-28 10:19:40 -0700] Progress: done 51 of 298 printer_us...
LOGGER      Scraping ASIN B003TJC1F6 from us
LOGGER      [2010-07-28 10:19:41 -0700] Progress: done 52 of 298 printer_us...
LOGGER      Scraping ASIN B003TJ64QI from us
LOGGER      [2010-07-28 10:19:41 -0700] Progress: done 53 of 298 printer_us...
LOGGER      Scraping ASIN B003WZ043S from us
LOGGER      [2010-07-28 10:19:42 -0700] Progress: done 54 of 298 printer_us...
LOGGER      Scraping ASIN B003DM0408 from us
LOGGER      [2010-07-28 10:19:44 -0700] Progress: done 55 of 298 printer_us...
LOGGER      Scraping ASIN B003TJ7XUE from us
LOGGER      [2010-07-28 10:19:45 -0700] Progress: done 56 of 298 printer_us...
LOGGER      Scraping ASIN B003W5TQLE from us
LOGGER      [2010-07-28 10:19:46 -0700] Progress: done 57 of 298 printer_us...
LOGGER      Scraping ASIN B003KWBSH4 from us
LOGGER      [2010-07-28 10:19:46 -0700] Progress: done 58 of 298 printer_us...
LOGGER      Scraping ASIN B0039RZ96Q from us
LOGGER      [2010-07-28 10:19:48 -0700] Progress: done 59 of 298 printer_us...
LOGGER      Scraping ASIN B003MNEV84 from us
LOGGER      [2010-07-28 10:19:49 -0700] Progress: done 60 of 298 printer_us...
LOGGER      Scraping ASIN B003VRYGTU from us
LOGGER      [2010-07-28 10:19:49 -0700] Progress: done 61 of 298 printer_us...
LOGGER      Scraping ASIN B0039QQGDC from us
LOGGER      [2010-07-28 10:19:51 -0700] Progress: done 62 of 298 printer_us...
LOGGER      Scraping ASIN B002LLDBRK from us
LOGGER      [2010-07-28 10:19:54 -0700] Progress: done 63 of 298 printer_us...
LOGGER      Scraping ASIN B003VAOMLY from us
LOGGER      [2010-07-28 10:19:55 -0700] Progress: done 64 of 298 printer_us...
LOGGER      Scraping ASIN B003IKF42S from us
LOGGER      [2010-07-28 10:19:56 -0700] Progress: done 65 of 298 printer_us...
LOGGER      Scraping ASIN B003R2ZEJU from us
LOGGER      [2010-07-28 10:19:56 -0700] Progress: done 66 of 298 printer_us...
LOGGER      Scraping ASIN B0039ZLMB4 from us
LOGGER      [2010-07-28 10:19:57 -0700] Progress: done 67 of 298 printer_us...
LOGGER      Scraping ASIN B003SX0QYG from us
LOGGER      [2010-07-28 10:19:58 -0700] Progress: done 68 of 298 printer_us...
LOGGER      Scraping ASIN B003QWNPYM from us
LOGGER      [2010-07-28 10:19:59 -0700] Progress: done 69 of 298 printer_us...
LOGGER      Scraping ASIN B003TJ5BF8 from us
LOGGER      [2010-07-28 10:19:59 -0700] Progress: done 70 of 298 printer_us...
LOGGER      Scraping ASIN B003DVZHT2 from us
LOGGER      [2010-07-28 10:20:01 -0700] Progress: done 71 of 298 printer_us...
LOGGER      Scraping ASIN B003PKO5JY from us
LOGGER      [2010-07-28 10:20:01 -0700] Progress: done 72 of 298 printer_us...
LOGGER      Scraping ASIN B003H415FK from us
LOGGER      [2010-07-28 10:20:02 -0700] Progress: done 73 of 298 printer_us...
LOGGER      Scraping ASIN B003VAOMNM from us
LOGGER      [2010-07-28 10:20:03 -0700] Progress: done 74 of 298 printer_us...
LOGGER      Scraping ASIN B003MH8Q18 from us
LOGGER      [2010-07-28 10:20:04 -0700] Progress: done 75 of 298 printer_us...
LOGGER      Scraping ASIN B003SP73R2 from us
LOGGER      [2010-07-28 10:20:04 -0700] Progress: done 76 of 298 printer_us...
LOGGER      Scraping ASIN B003SZZFOA from us
LOGGER      [2010-07-28 10:20:05 -0700] Progress: done 77 of 298 printer_us...
LOGGER      Scraping ASIN B003MNF6VU from us
LOGGER      [2010-07-28 10:20:05 -0700] Progress: done 78 of 298 printer_us...
LOGGER      Scraping ASIN B0039NJ0LU from us
LOGGER      [2010-07-28 10:20:06 -0700] Progress: done 79 of 298 printer_us...
LOGGER      Scraping ASIN B003WQHQBU from us
LOGGER      [2010-07-28 10:20:07 -0700] Progress: done 80 of 298 printer_us...
LOGGER      Scraping ASIN B0039M2EAA from us
LOGGER      [2010-07-28 10:20:07 -0700] Progress: done 81 of 298 printer_us...
LOGGER      Scraping ASIN B002A6HTLU from us
LOGGER      [2010-07-28 10:20:11 -0700] Progress: done 82 of 298 printer_us...
LOGGER      Scraping ASIN B003H44VHY from us
LOGGER      [2010-07-28 10:20:12 -0700] Progress: done 83 of 298 printer_us...
LOGGER      Scraping ASIN B003L3DBNQ from us
LOGGER      [2010-07-28 10:20:13 -0700] Progress: done 84 of 298 printer_us...
LOGGER      Scraping ASIN B0013TTUL2 from us
LOGGER      [2010-07-28 10:20:14 -0700] Progress: done 85 of 298 printer_us...
LOGGER      Scraping ASIN B003K67Z9A from us
LOGGER      [2010-07-28 10:20:15 -0700] Progress: done 86 of 298 printer_us...
LOGGER      Scraping ASIN B003OEAYQO from us
LOGGER      [2010-07-28 10:20:16 -0700] Progress: done 87 of 298 printer_us...
LOGGER      Scraping ASIN B003TJ4YQK from us
LOGGER      [2010-07-28 10:20:16 -0700] Progress: done 88 of 298 printer_us...
LOGGER      Scraping ASIN B003H46UIM from us
LOGGER      [2010-07-28 10:20:17 -0700] Progress: done 89 of 298 printer_us...
LOGGER      Scraping ASIN B003DM1CQS from us
LOGGER      [2010-07-28 10:20:18 -0700] Progress: done 90 of 298 printer_us...
LOGGER      Scraping ASIN B003TJ3MVS from us
LOGGER      [2010-07-28 10:20:19 -0700] Progress: done 91 of 298 printer_us...
LOGGER      Scraping ASIN B003MNPAIE from us
LOGGER      [2010-07-28 10:20:19 -0700] Progress: done 92 of 298 printer_us...
LOGGER      Scraping ASIN B0039L1DA8 from us
LOGGER      [2010-07-28 10:20:20 -0700] Progress: done 93 of 298 printer_us...
LOGGER      Scraping ASIN B003G4IQDK from us
LOGGER      [2010-07-28 10:20:21 -0700] Progress: done 94 of 298 printer_us...
LOGGER      Scraping ASIN B003SX0QZK from us
LOGGER      [2010-07-28 10:20:22 -0700] Progress: done 95 of 298 printer_us...
LOGGER      Scraping ASIN B003H42VUI from us
LOGGER      [2010-07-28 10:20:23 -0700] Progress: done 96 of 298 printer_us...
LOGGER      Scraping ASIN B000MTDUAG from us
LOGGER      [2010-07-28 10:20:26 -0700] Progress: done 97 of 298 printer_us...
LOGGER      Scraping ASIN B003TJ60P8 from us
LOGGER      [2010-07-28 10:20:26 -0700] Progress: done 98 of 298 printer_us...
LOGGER      Scraping ASIN B003NXGHUI from us
LOGGER      [2010-07-28 10:20:27 -0700] Progress: done 99 of 298 printer_us...
LOGGER      Scraping ASIN B003TJ3NJE from us
LOGGER      [2010-07-28 10:20:28 -0700] Progress: done 100 of 298 printer_us...
LOGGER      Scraping ASIN B003H44QRE from us
LOGGER      [2010-07-28 10:20:28 -0700] Progress: done 101 of 298 printer_us...
LOGGER      Scraping ASIN B003TJ66AM from us
LOGGER      [2010-07-28 10:20:29 -0700] Progress: done 102 of 298 printer_us...
LOGGER      Scraping ASIN B003DM03X6 from us
LOGGER      [2010-07-28 10:20:31 -0700] Progress: done 103 of 298 printer_us...
LOGGER      Scraping ASIN B0036RBISC from us
LOGGER      [2010-07-28 10:20:34 -0700] Progress: done 104 of 298 printer_us...
LOGGER      Scraping ASIN B003V0LK46 from us
LOGGER      [2010-07-28 10:20:34 -0700] Progress: done 105 of 298 printer_us...
LOGGER      Scraping ASIN B003TJBZFS from us
LOGGER      [2010-07-28 10:20:35 -0700] Progress: done 106 of 298 printer_us...
LOGGER      Scraping ASIN B003DM72BW from us
LOGGER      [2010-07-28 10:20:37 -0700] Progress: done 107 of 298 printer_us...
LOGGER      Scraping ASIN B003KVMU4U from us
LOGGER      [2010-07-28 10:20:37 -0700] Progress: done 108 of 298 printer_us...
LOGGER      Scraping ASIN B003F8JJ74 from us
LOGGER      [2010-07-28 10:20:39 -0700] Progress: done 109 of 298 printer_us...
LOGGER      Scraping ASIN B003TJDNEE from us
LOGGER      [2010-07-28 10:20:39 -0700] Progress: done 110 of 298 printer_us...
LOGGER      Scraping ASIN B000K15V0S from us
LOGGER      [2010-07-28 10:20:40 -0700] Progress: done 111 of 298 printer_us...
LOGGER      Scraping ASIN B00376JUYQ from us
LOGGER      [2010-07-28 10:20:41 -0700] Progress: done 112 of 298 printer_us...
LOGGER      Scraping ASIN B003DLWC4A from us
LOGGER      [2010-07-28 10:20:43 -0700] Progress: done 113 of 298 printer_us...
LOGGER      Scraping ASIN B003TJHPBG from us
LOGGER      [2010-07-28 10:20:43 -0700] Progress: done 114 of 298 printer_us...
LOGGER      Scraping ASIN B003E1M8QQ from us
LOGGER      [2010-07-28 10:20:44 -0700] Progress: done 115 of 298 printer_us...
LOGGER      Scraping ASIN B003LU2MFM from us
LOGGER      [2010-07-28 10:20:45 -0700] Progress: done 116 of 298 printer_us...
LOGGER      Scraping ASIN B002OJTBWS from us
LOGGER      [2010-07-28 10:20:49 -0700] Progress: done 117 of 298 printer_us...
LOGGER      Scraping ASIN B003NXQ46U from us
LOGGER      [2010-07-28 10:20:49 -0700] Progress: done 118 of 298 printer_us...
LOGGER      Scraping ASIN B003HGCIDG from us
LOGGER      [2010-07-28 10:20:53 -0700] Progress: done 119 of 298 printer_us...
LOGGER      Scraping ASIN B003WP758A from us
LOGGER      [2010-07-28 10:20:54 -0700] Progress: done 120 of 298 printer_us...
LOGGER      Scraping ASIN B003TIZVXG from us
LOGGER      [2010-07-28 10:20:54 -0700] Progress: done 121 of 298 printer_us...
LOGGER      Scraping ASIN B003TJD4W0 from us
LOGGER      [2010-07-28 10:20:55 -0700] Progress: done 122 of 298 printer_us...
LOGGER      Scraping ASIN B003TJDTD4 from us
LOGGER      [2010-07-28 10:20:56 -0700] Progress: done 123 of 298 printer_us...
LOGGER      Scraping ASIN B002O0KK36 from us
LOGGER      [2010-07-28 10:20:59 -0700] Progress: done 124 of 298 printer_us...
LOGGER      Scraping ASIN B003SX0QYQ from us
LOGGER      [2010-07-28 10:21:00 -0700] Progress: done 125 of 298 printer_us...
LOGGER      Scraping ASIN B003GQLWTI from us
LOGGER      [2010-07-28 10:21:04 -0700] Progress: done 126 of 298 printer_us...
LOGGER      Scraping ASIN B00319LBD2 from us
LOGGER      [2010-07-28 10:21:06 -0700] Progress: done 127 of 298 printer_us...
LOGGER      Scraping ASIN B003GYDSFQ from us
LOGGER      [2010-07-28 10:21:08 -0700] Progress: done 128 of 298 printer_us...
LOGGER      Scraping ASIN B003HFZ3SO from us
LOGGER      [2010-07-28 10:21:12 -0700] Progress: done 129 of 298 printer_us...
LOGGER      Scraping ASIN B003GYTI1Y from us
LOGGER      [2010-07-28 10:21:14 -0700] Progress: done 130 of 298 printer_us...
LOGGER      Scraping ASIN B003FK8DUQ from us
LOGGER      [2010-07-28 10:21:15 -0700] Progress: done 131 of 298 printer_us...
LOGGER      Scraping ASIN B003H9JZYI from us
LOGGER      [2010-07-28 10:21:16 -0700] Progress: done 132 of 298 printer_us...
LOGGER      Scraping ASIN B003FPCGAO from us
LOGGER      [2010-07-28 10:21:17 -0700] Progress: done 133 of 298 printer_us...
LOGGER      Scraping ASIN B001U8RU86 from us
LOGGER      [2010-07-28 10:21:18 -0700] Progress: done 134 of 298 printer_us...
LOGGER      Scraping ASIN B003CSFHUA from us
LOGGER      [2010-07-28 10:21:20 -0700] Progress: done 135 of 298 printer_us...
LOGGER      Scraping ASIN B0031YUC0U from us
LOGGER      [2010-07-28 10:21:21 -0700] Progress: done 136 of 298 printer_us...
LOGGER      Scraping ASIN B003DJ9178 from us
LOGGER      [2010-07-28 10:21:25 -0700] Progress: done 137 of 298 printer_us...
LOGGER      Scraping ASIN B002O0KK7M from us
LOGGER      [2010-07-28 10:21:29 -0700] Progress: done 138 of 298 printer_us...
LOGGER      Scraping ASIN B0039RVFPA from us
LOGGER      [2010-07-28 10:21:30 -0700] Progress: done 139 of 298 printer_us...
LOGGER      Scraping ASIN B0039QKDYK from us
LOGGER      [2010-07-28 10:21:31 -0700] Progress: done 140 of 298 printer_us...
LOGGER      Scraping ASIN B0001AUB2Q from us
LOGGER      [2010-07-28 10:21:32 -0700] Progress: done 141 of 298 printer_us...
LOGGER      Scraping ASIN B0018LKP00 from us
LOGGER      [2010-07-28 10:21:33 -0700] Progress: done 142 of 298 printer_us...
LOGGER      Scraping ASIN B0002AEJAU from us
LOGGER      [2010-07-28 10:21:35 -0700] Progress: done 143 of 298 printer_us...
LOGGER      Scraping ASIN B002MUZJ5M from us
LOGGER      [2010-07-28 10:21:37 -0700] Progress: done 144 of 298 printer_us...
LOGGER      Scraping ASIN B0039N7JQ8 from us
LOGGER      [2010-07-28 10:21:38 -0700] Progress: done 145 of 298 printer_us...
LOGGER      Scraping ASIN B0013DXW8A from us
LOGGER      [2010-07-28 10:21:40 -0700] Progress: done 146 of 298 printer_us...
LOGGER      Scraping ASIN B0039CTIOA from us
LOGGER      [2010-07-28 10:21:41 -0700] Progress: done 147 of 298 printer_us...
LOGGER      Scraping ASIN B001MTK4RW from us
LOGGER      [2010-07-28 10:21:43 -0700] Progress: done 148 of 298 printer_us...
LOGGER      Scraping ASIN B002AMVQTK from us
LOGGER      [2010-07-28 10:21:44 -0700] Progress: done 149 of 298 printer_us...
LOGGER      Scraping ASIN B001TA3HOG from us
LOGGER      [2010-07-28 10:21:46 -0700] Progress: done 150 of 298 printer_us...
LOGGER      Scraping ASIN B001A3W892 from us
LOGGER      [2010-07-28 10:21:47 -0700] Progress: done 151 of 298 printer_us...
LOGGER      Scraping ASIN B0036VO420 from us
LOGGER      [2010-07-28 10:21:48 -0700] Progress: done 152 of 298 printer_us...
LOGGER      Scraping ASIN B00373Z8LS from us
LOGGER      [2010-07-28 10:21:48 -0700] Progress: done 153 of 298 printer_us...
LOGGER      Scraping ASIN B00309S0OQ from us
LOGGER      [2010-07-28 10:21:49 -0700] Progress: done 154 of 298 printer_us...
LOGGER      Scraping ASIN B002UANGTU from us
LOGGER      [2010-07-28 10:21:51 -0700] Progress: done 155 of 298 printer_us...
LOGGER      Scraping ASIN B0017ZISDI from us
LOGGER      [2010-07-28 10:21:53 -0700] Progress: done 156 of 298 printer_us...
LOGGER      Scraping ASIN B000UHAWJW from us
LOGGER      [2010-07-28 10:21:54 -0700] Progress: done 157 of 298 printer_us...
LOGGER      Scraping ASIN B000FP2N7S from us
LOGGER      [2010-07-28 10:21:55 -0700] Progress: done 158 of 298 printer_us...
LOGGER      Scraping ASIN B00004VUGV from us
LOGGER      [2010-07-28 10:21:56 -0700] Progress: done 159 of 298 printer_us...
LOGGER      Scraping ASIN B001MECL4G from us
LOGGER      [2010-07-28 10:21:58 -0700] Progress: done 160 of 298 printer_us...
LOGGER      Scraping ASIN B00179HBGO from us
LOGGER      [2010-07-28 10:21:59 -0700] Progress: done 161 of 298 printer_us...
LOGGER      Scraping ASIN B000GGY8YC from us
LOGGER      [2010-07-28 10:22:01 -0700] Progress: done 162 of 298 printer_us...
LOGGER      Scraping ASIN B000BK4KFK from us
LOGGER      [2010-07-28 10:22:04 -0700] Progress: done 163 of 298 printer_us...
LOGGER      Scraping ASIN B001QFYCPM from us
LOGGER      [2010-07-28 10:22:05 -0700] Progress: done 164 of 298 printer_us...
LOGGER      Scraping ASIN B000067TR6 from us
LOGGER      [2010-07-28 10:22:06 -0700] Progress: done 165 of 298 printer_us...
LOGGER      Scraping ASIN B002M3SHK8 from us
LOGGER      [2010-07-28 10:22:07 -0700] Progress: done 166 of 298 printer_us...
LOGGER      Scraping ASIN B000AYFOHU from us
LOGGER      [2010-07-28 10:22:08 -0700] Progress: done 167 of 298 printer_us...
LOGGER      Scraping ASIN B002C9A66A from us
LOGGER      [2010-07-28 10:22:09 -0700] Progress: done 168 of 298 printer_us...
LOGGER      Scraping ASIN B001WYS064 from us
LOGGER      [2010-07-28 10:22:10 -0700] Progress: done 169 of 298 printer_us...
LOGGER      Scraping ASIN B000MTDYKC from us
LOGGER      [2010-07-28 10:22:11 -0700] Progress: done 170 of 298 printer_us...
LOGGER      Scraping ASIN B00001N2QZ from us
LOGGER      [2010-07-28 10:22:12 -0700] Progress: done 171 of 298 printer_us...
LOGGER      Scraping ASIN B00005Y7AY from us
LOGGER      [2010-07-28 10:22:12 -0700] Progress: done 172 of 298 printer_us...
LOGGER      Scraping ASIN B000AL9E24 from us
LOGGER      [2010-07-28 10:22:16 -0700] Progress: done 173 of 298 printer_us...
LOGGER      Scraping ASIN B00000JIYB from us
LOGGER      [2010-07-28 10:22:17 -0700] Progress: done 174 of 298 printer_us...
LOGGER      Scraping ASIN B000EA3TPE from us
LOGGER      [2010-07-28 10:22:21 -0700] Progress: done 175 of 298 printer_us...
LOGGER      Scraping ASIN B000RI18UQ from us
LOGGER      [2010-07-28 10:22:22 -0700] Progress: done 176 of 298 printer_us...
LOGGER      Scraping ASIN B0007YFQ3U from us
LOGGER      [2010-07-28 10:22:23 -0700] Progress: done 177 of 298 printer_us...
LOGGER      Scraping ASIN B000GR2VQS from us
LOGGER      [2010-07-28 10:22:24 -0700] Progress: done 178 of 298 printer_us...
LOGGER      Scraping ASIN B002FTOIGQ from us
LOGGER      [2010-07-28 10:22:25 -0700] Progress: done 179 of 298 printer_us...
LOGGER      Scraping ASIN B00006HQGR from us
LOGGER      [2010-07-28 10:22:26 -0700] Progress: done 180 of 298 printer_us...
LOGGER      Scraping ASIN B0007MXBXE from us
LOGGER      [2010-07-28 10:22:26 -0700] Progress: done 181 of 298 printer_us...
LOGGER      Scraping ASIN B000NK78CA from us
LOGGER      [2010-07-28 10:22:28 -0700] Progress: done 182 of 298 printer_us...
LOGGER      Scraping ASIN B0007U5JGI from us
LOGGER      [2010-07-28 10:22:28 -0700] Progress: done 183 of 298 printer_us...
LOGGER      Scraping ASIN B002FYK8KQ from us
LOGGER      [2010-07-28 10:22:29 -0700] Progress: done 184 of 298 printer_us...
LOGGER      Scraping ASIN B001GZGDO0 from us
LOGGER      [2010-07-28 10:22:30 -0700] Progress: done 185 of 298 printer_us...
LOGGER      Scraping ASIN B002FTSCO0 from us
LOGGER      [2010-07-28 10:22:31 -0700] Progress: done 186 of 298 printer_us...
LOGGER      Scraping ASIN B0009KIZY4 from us
LOGGER      [2010-07-28 10:22:32 -0700] Progress: done 187 of 298 printer_us...
LOGGER      Scraping ASIN B0015IEADE from us
LOGGER      [2010-07-28 10:22:35 -0700] Progress: done 188 of 298 printer_us...
LOGGER      Scraping ASIN B000ET2QRC from us
LOGGER      [2010-07-28 10:22:36 -0700] Progress: done 189 of 298 printer_us...
LOGGER      Scraping ASIN B000B5UFOU from us
LOGGER      [2010-07-28 10:22:37 -0700] Progress: done 190 of 298 printer_us...
LOGGER      Scraping ASIN B003WQIEUM from us
LOGGER      [2010-07-28 10:22:37 -0700] Progress: done 191 of 298 printer_us...
LOGGER      Scraping ASIN B0007IG21G from us
LOGGER      [2010-07-28 10:22:38 -0700] Progress: done 192 of 298 printer_us...
LOGGER      Scraping ASIN B002XUJA2O from us
LOGGER      [2010-07-28 10:22:39 -0700] Progress: done 193 of 298 printer_us...
LOGGER      Scraping ASIN B000AYIO86 from us
LOGGER      [2010-07-28 10:22:40 -0700] Progress: done 194 of 298 printer_us...
LOGGER      Scraping ASIN B001RD8MGS from us
LOGGER      [2010-07-28 10:22:42 -0700] Progress: done 195 of 298 printer_us...
LOGGER      Scraping ASIN B00009ZY3N from us
LOGGER      [2010-07-28 10:22:43 -0700] Progress: done 196 of 298 printer_us...
LOGGER      Scraping ASIN B001HQAXIU from us
LOGGER      [2010-07-28 10:22:44 -0700] Progress: done 197 of 298 printer_us...
LOGGER      Scraping ASIN B000A0A7LC from us
LOGGER      [2010-07-28 10:22:47 -0700] Progress: done 198 of 298 printer_us...
LOGGER      Scraping ASIN B0002D6PUY from us
LOGGER      [2010-07-28 10:22:48 -0700] Progress: done 199 of 298 printer_us...
LOGGER      Scraping ASIN B000BURHM8 from us
LOGGER      [2010-07-28 10:22:49 -0700] Progress: done 200 of 298 printer_us...
LOGGER      Scraping ASIN B0007U094U from us
LOGGER      [2010-07-28 10:22:52 -0700] Progress: done 201 of 298 printer_us...
LOGGER      Scraping ASIN B0001AN1Q4 from us
LOGGER      [2010-07-28 10:22:53 -0700] Progress: done 202 of 298 printer_us...
LOGGER      Scraping ASIN B00068F4UW from us
LOGGER      [2010-07-28 10:22:54 -0700] Progress: done 203 of 298 printer_us...
LOGGER      Scraping ASIN B000NP3BSU from us
LOGGER      [2010-07-28 10:22:54 -0700] Progress: done 204 of 298 printer_us...
LOGGER      Scraping ASIN B001KABUN0 from us
LOGGER      [2010-07-28 10:22:55 -0700] Progress: done 205 of 298 printer_us...
LOGGER      Scraping ASIN B0001MKU5M from us
LOGGER      [2010-07-28 10:22:57 -0700] Progress: done 206 of 298 printer_us...
LOGGER      Scraping ASIN B0000ATCPC from us
LOGGER      [2010-07-28 10:22:59 -0700] Progress: done 207 of 298 printer_us...
LOGGER      Scraping ASIN B0000ATCPI from us
LOGGER      [2010-07-28 10:23:03 -0700] Progress: done 208 of 298 printer_us...
LOGGER      Scraping ASIN B00065HFR0 from us
LOGGER      [2010-07-28 10:23:05 -0700] Progress: done 209 of 298 printer_us...
LOGGER      Scraping ASIN B000RI39KS from us
LOGGER      [2010-07-28 10:23:06 -0700] Progress: done 210 of 298 printer_us...
LOGGER      Scraping ASIN B0013CJ1D6 from us
LOGGER      [2010-07-28 10:23:07 -0700] Progress: done 211 of 298 printer_us...
LOGGER      Scraping ASIN B002FTQIMI from us
LOGGER      [2010-07-28 10:23:08 -0700] Progress: done 212 of 298 printer_us...
LOGGER      Scraping ASIN B002P5YR16 from us
LOGGER      [2010-07-28 10:23:08 -0700] Progress: done 213 of 298 printer_us...
LOGGER      Scraping ASIN B0001X6TII from us
LOGGER      [2010-07-28 10:23:09 -0700] Progress: done 214 of 298 printer_us...
LOGGER      Scraping ASIN B0000AKA91 from us
LOGGER      [2010-07-28 10:23:10 -0700] Progress: done 215 of 298 printer_us...
LOGGER      Scraping ASIN B000225NMG from us
LOGGER      [2010-07-28 10:23:11 -0700] Progress: done 216 of 298 printer_us...
LOGGER      Scraping ASIN B0026T67SC from us
LOGGER      [2010-07-28 10:23:12 -0700] Progress: done 217 of 298 printer_us...
LOGGER      Scraping ASIN B00006HQAR from us
LOGGER      [2010-07-28 10:23:13 -0700] Progress: done 218 of 298 printer_us...
LOGGER      Scraping ASIN B000A6LALM from us
LOGGER      [2010-07-28 10:23:17 -0700] Progress: done 219 of 298 printer_us...
LOGGER      Scraping ASIN B000GAL1CA from us
LOGGER      [2010-07-28 10:23:18 -0700] Progress: done 220 of 298 printer_us...
LOGGER      Scraping ASIN B001J3NJGY from us
LOGGER      [2010-07-28 10:23:19 -0700] Progress: done 221 of 298 printer_us...
LOGGER      Scraping ASIN B00066HKTW from us
LOGGER      [2010-07-28 10:23:21 -0700] Progress: done 222 of 298 printer_us...
LOGGER      Scraping ASIN B0000T01MI from us
LOGGER      [2010-07-28 10:23:24 -0700] Progress: done 223 of 298 printer_us...
LOGGER      Scraping ASIN B000087LDS from us
LOGGER      [2010-07-28 10:23:25 -0700] Progress: done 224 of 298 printer_us...
LOGGER      Scraping ASIN B00004ZA89 from us
LOGGER      [2010-07-28 10:23:25 -0700] Progress: done 225 of 298 printer_us...
LOGGER      Scraping ASIN B0009KJTVC from us
LOGGER      [2010-07-28 10:23:27 -0700] Progress: done 226 of 298 printer_us...
LOGGER      Scraping ASIN B002FTUXD8 from us
LOGGER      [2010-07-28 10:23:28 -0700] Progress: done 227 of 298 printer_us...
LOGGER      Scraping ASIN B000BURHLY from us
LOGGER      [2010-07-28 10:23:29 -0700] Progress: done 228 of 298 printer_us...
LOGGER      Scraping ASIN B0031YIMMK from us
LOGGER      [2010-07-28 10:23:30 -0700] Progress: done 229 of 298 printer_us...
LOGGER      Scraping ASIN B0009VU7SK from us
LOGGER      [2010-07-28 10:23:32 -0700] Progress: done 230 of 298 printer_us...
LOGGER      Scraping ASIN B00065W57K from us
LOGGER      [2010-07-28 10:23:34 -0700] Progress: done 231 of 298 printer_us...
LOGGER      Scraping ASIN B001AJBG3A from us
LOGGER      [2010-07-28 10:23:35 -0700] Progress: done 232 of 298 printer_us...
LOGGER      Scraping ASIN B002GQQR0I from us
LOGGER      [2010-07-28 10:23:37 -0700] Progress: done 233 of 298 printer_us...
LOGGER      Scraping ASIN B000QG78CQ from us
LOGGER      [2010-07-28 10:23:38 -0700] Progress: done 234 of 298 printer_us...
LOGGER      Scraping ASIN B000FVQZKS from us
LOGGER      [2010-07-28 10:23:39 -0700] Progress: done 235 of 298 printer_us...
LOGGER      Scraping ASIN B0021I6YIQ from us
LOGGER      [2010-07-28 10:23:40 -0700] Progress: done 236 of 298 printer_us...
LOGGER      Scraping ASIN B0026S2O94 from us
LOGGER      [2010-07-28 10:23:42 -0700] Progress: done 237 of 298 printer_us...
LOGGER      Scraping ASIN B000NGUKZ6 from us
LOGGER      [2010-07-28 10:23:42 -0700] Progress: done 238 of 298 printer_us...
LOGGER      Scraping ASIN B00064C5BW from us
LOGGER      [2010-07-28 10:23:43 -0700] Progress: done 239 of 298 printer_us...
LOGGER      Scraping ASIN B0017U4WE2 from us
LOGGER      [2010-07-28 10:23:46 -0700] Progress: done 240 of 298 printer_us...
LOGGER      Scraping ASIN B0006HXB4Y from us
LOGGER      [2010-07-28 10:23:47 -0700] Progress: done 241 of 298 printer_us...
LOGGER      Scraping ASIN B003XKMLG0 from us
LOGGER      [2010-07-28 10:23:48 -0700] Progress: done 242 of 298 printer_us...
LOGGER      Scraping ASIN B00080HL0E from us
LOGGER      [2010-07-28 10:23:48 -0700] Progress: done 243 of 298 printer_us...
LOGGER      Scraping ASIN B000GR3XTC from us
LOGGER      [2010-07-28 10:23:49 -0700] Progress: done 244 of 298 printer_us...
LOGGER      Scraping ASIN B001FX4LEW from us
LOGGER      [2010-07-28 10:23:51 -0700] Progress: done 245 of 298 printer_us...
LOGGER      Scraping ASIN B000RNBJX2 from us
LOGGER      [2010-07-28 10:23:51 -0700] Progress: done 246 of 298 printer_us...
LOGGER      Scraping ASIN B00008XOLK from us
LOGGER      [2010-07-28 10:23:52 -0700] Progress: done 247 of 298 printer_us...
LOGGER      Scraping ASIN B0002AFR9W from us
LOGGER      [2010-07-28 10:23:54 -0700] Progress: done 248 of 298 printer_us...
LOGGER      Scraping ASIN B0009HMYWG from us
LOGGER      [2010-07-28 10:23:55 -0700] Progress: done 249 of 298 printer_us...
LOGGER      Scraping ASIN B001MEAMRY from us
LOGGER      [2010-07-28 10:23:57 -0700] Progress: done 250 of 298 printer_us...
LOGGER      Scraping ASIN B00006HRNY from us
LOGGER      [2010-07-28 10:23:58 -0700] Progress: done 251 of 298 printer_us...
LOGGER      Scraping ASIN B000094OZC from us
LOGGER      [2010-07-28 10:23:58 -0700] Progress: done 252 of 298 printer_us...
LOGGER      Scraping ASIN B00062PWH8 from us
LOGGER      [2010-07-28 10:24:00 -0700] Progress: done 253 of 298 printer_us...
LOGGER      Scraping ASIN B0009JP6D8 from us
LOGGER      [2010-07-28 10:24:01 -0700] Progress: done 254 of 298 printer_us...
LOGGER      Scraping ASIN B002XIWSES from us
LOGGER      [2010-07-28 10:24:02 -0700] Progress: done 255 of 298 printer_us...
LOGGER      Scraping ASIN B001OAR0IU from us
LOGGER      [2010-07-28 10:24:03 -0700] Progress: done 256 of 298 printer_us...
LOGGER      Scraping ASIN B0009JMG0E from us
LOGGER      [2010-07-28 10:24:05 -0700] Progress: done 257 of 298 printer_us...
LOGGER      Scraping ASIN B001AJ7DA0 from us
LOGGER      [2010-07-28 10:24:07 -0700] Progress: done 258 of 298 printer_us...
LOGGER      Scraping ASIN B000698BOM from us
LOGGER      [2010-07-28 10:24:11 -0700] Progress: done 259 of 298 printer_us...
LOGGER      Scraping ASIN B0006UYUO6 from us
LOGGER      [2010-07-28 10:24:12 -0700] Progress: done 260 of 298 printer_us...
LOGGER      Scraping ASIN B002JL3F3M from us
LOGGER      [2010-07-28 10:24:13 -0700] Progress: done 261 of 298 printer_us...
LOGGER      Scraping ASIN B001CB45ZM from us
LOGGER      [2010-07-28 10:24:14 -0700] Progress: done 262 of 298 printer_us...
LOGGER      Scraping ASIN B000092RF5 from us
LOGGER      [2010-07-28 10:24:15 -0700] Progress: done 263 of 298 printer_us...
LOGGER      Scraping ASIN B000K3HFFK from us
LOGGER      [2010-07-28 10:24:19 -0700] Progress: done 264 of 298 printer_us...
LOGGER      Scraping ASIN B0009JI8I8 from us
LOGGER      [2010-07-28 10:24:21 -0700] Progress: done 265 of 298 printer_us...
LOGGER      Scraping ASIN B0009HMXS6 from us
LOGGER      [2010-07-28 10:24:22 -0700] Progress: done 266 of 298 printer_us...
LOGGER      Scraping ASIN B0009V63JC from us
LOGGER      [2010-07-28 10:24:24 -0700] Progress: done 267 of 298 printer_us...
LOGGER      Scraping ASIN B0000AI0OB from us
LOGGER      [2010-07-28 10:24:27 -0700] Progress: done 268 of 298 printer_us...
LOGGER      Scraping ASIN B0009KJ0QG from us
LOGGER      [2010-07-28 10:24:29 -0700] Progress: done 269 of 298 printer_us...
LOGGER      Scraping ASIN B000UH1SO0 from us
LOGGER      [2010-07-28 10:24:30 -0700] Progress: done 270 of 298 printer_us...
LOGGER      Scraping ASIN B0009KNNNC from us
LOGGER      [2010-07-28 10:24:31 -0700] Progress: done 271 of 298 printer_us...
LOGGER      Scraping ASIN B001D5TTNA from us
LOGGER      [2010-07-28 10:24:33 -0700] Progress: done 272 of 298 printer_us...
LOGGER      Scraping ASIN B00065W584 from us
LOGGER      [2010-07-28 10:24:34 -0700] Progress: done 273 of 298 printer_us...
LOGGER      Scraping ASIN B0017OM2MM from us
LOGGER      [2010-07-28 10:24:36 -0700] Progress: done 274 of 298 printer_us...
LOGGER      Scraping ASIN B000BY6T3M from us
LOGGER      [2010-07-28 10:24:37 -0700] Progress: done 275 of 298 printer_us...
LOGGER      Scraping ASIN B001DO3BL2 from us
LOGGER      [2010-07-28 10:24:39 -0700] Progress: done 276 of 298 printer_us...
LOGGER      Scraping ASIN B001F4T43O from us
LOGGER      [2010-07-28 10:24:40 -0700] Progress: done 277 of 298 printer_us...
LOGGER      Scraping ASIN B0009KSM56 from us
LOGGER      [2010-07-28 10:24:41 -0700] Progress: done 278 of 298 printer_us...
LOGGER      Scraping ASIN B001DPTTVW from us
LOGGER      [2010-07-28 10:24:41 -0700] Progress: done 279 of 298 printer_us...
LOGGER      Scraping ASIN B001V3X0L6 from us
LOGGER      [2010-07-28 10:24:42 -0700] Progress: done 280 of 298 printer_us...
LOGGER      Scraping ASIN B000B0EMNU from us
LOGGER      [2010-07-28 10:24:43 -0700] Progress: done 281 of 298 printer_us...
LOGGER      Scraping ASIN B000085BDS from us
LOGGER      [2010-07-28 10:24:44 -0700] Progress: done 282 of 298 printer_us...
LOGGER      Scraping ASIN B00198JPVM from us
LOGGER      [2010-07-28 10:24:45 -0700] Progress: done 283 of 298 printer_us...
LOGGER      Scraping ASIN B000BGDKIM from us
LOGGER      [2010-07-28 10:24:46 -0700] Progress: done 284 of 298 printer_us...
LOGGER      Scraping ASIN B000MYS8VC from us
LOGGER      [2010-07-28 10:24:47 -0700] Progress: done 285 of 298 printer_us...
LOGGER      Scraping ASIN B000BVLXVI from us
LOGGER      [2010-07-28 10:24:48 -0700] Progress: done 286 of 298 printer_us...
LOGGER      Scraping ASIN B000MYVOCM from us
LOGGER      [2010-07-28 10:24:49 -0700] Progress: done 287 of 298 printer_us...
LOGGER      Scraping ASIN B00064OH9K from us
LOGGER      [2010-07-28 10:24:50 -0700] Progress: done 288 of 298 printer_us...
LOGGER      Scraping ASIN B000FTSNEG from us
LOGGER      [2010-07-28 10:24:52 -0700] Progress: done 289 of 298 printer_us...
LOGGER      Scraping ASIN B0001OTIJ4 from us
LOGGER      [2010-07-28 10:24:52 -0700] Progress: done 290 of 298 printer_us...
LOGGER      Scraping ASIN B001JHIW3A from us
LOGGER      [2010-07-28 10:24:53 -0700] Progress: done 291 of 298 printer_us...
LOGGER      Scraping ASIN B002BCFIUC from us
LOGGER      [2010-07-28 10:24:54 -0700] Progress: done 292 of 298 printer_us...
LOGGER      Scraping ASIN B002IALL0I from us
LOGGER      [2010-07-28 10:24:55 -0700] Progress: done 293 of 298 printer_us...
LOGGER      Scraping ASIN B0009L1W0W from us
LOGGER      [2010-07-28 10:24:57 -0700] Progress: done 294 of 298 printer_us...
LOGGER      Scraping ASIN B000EVQU36 from us
LOGGER      [2010-07-28 10:24:57 -0700] Progress: done 295 of 298 printer_us...
LOGGER      Scraping ASIN B002LLVIDY from us
LOGGER      [2010-07-28 10:24:59 -0700] Progress: done 296 of 298 printer_us...
LOGGER      Scraping ASIN B0002AG14M from us
LOGGER      [2010-07-28 10:25:00 -0700] Progress: done 297 of 298 printer_us...
LOGGER      Scraping ASIN B001LK6YWG from us
LOGGER      [2010-07-28 10:25:01 -0700] Progress: done 298 of 298 printer_us...
LOGGER      [2010-07-28 10:25:01 -0700] Getting a list of all Amazon IDs associated with printer_us. This may take a while
LOGGER      [2010-07-28 10:25:01 -0700] Done getting Amazon IDs!
LOGGER      Will scrape 0 printer_us from Amazon.ca Marketplace, 2228 already exist
LOGGER      [2010-07-28 10:25:01 -0700] Done scraping
