LOGGER      [2010-08-12 15:48:27 -0700] Getting a list of all Amazon IDs associated with printer_lph. This may take a while
LOGGER      [2010-08-12 15:48:27 -0700] Done getting Amazon IDs!
LOGGER      Will scrape 8 printer_lph from Amazon, 977 already exist
LOGGER      Scraping ASIN B002JE7FBW from us
LOGGER      [2010-08-12 15:48:41 -0700] Progress: done 1 of 8 printer_lph...
LOGGER      Scraping ASIN B003TTELCW from us
LOGGER      [2010-08-12 15:48:43 -0700] Progress: done 2 of 8 printer_lph...
LOGGER      Scraping ASIN B003XWF7FK from us
LOGGER      [2010-08-12 15:48:44 -0700] Progress: done 3 of 8 printer_lph...
LOGGER      Scraping ASIN B003P2KNJS from us
LOGGER      [2010-08-12 15:48:46 -0700] Progress: done 4 of 8 printer_lph...
LOGGER      Scraping ASIN B001HOTN8I from us
LOGGER      [2010-08-12 15:48:47 -0700] Progress: done 5 of 8 printer_lph...
LOGGER      Scraping ASIN B00007JO3S from us
LOGGER      [2010-08-12 15:48:48 -0700] Progress: done 6 of 8 printer_lph...
LOGGER      Scraping ASIN B0009L9WTK from us
LOGGER      [2010-08-12 15:48:50 -0700] Progress: done 7 of 8 printer_lph...
LOGGER      Scraping ASIN B000NBRVUI from us
LOGGER      [2010-08-12 15:48:51 -0700] Progress: done 8 of 8 printer_lph...
LOGGER      [2010-08-12 15:48:51 -0700] Done scraping
