This file contains any messages produced by compilers while
running configure, to aid debugging if configure makes a mistake.

It was created by Clp configure 1.10stable, which was
generated by GNU Autoconf 2.59.  Invocation command line was

  $ ./configure -C

## --------- ##
## Platform. ##
## --------- ##

hostname = maryam-mahdavianis-imac
uname -m = i386
uname -r = 9.8.0
uname -s = Darwin
uname -v = Darwin Kernel Version 9.8.0: Wed Jul 15 16:55:01 PDT 2009; root:xnu-1228.15.4~1/RELEASE_I386

/usr/bin/uname -p = i386
/bin/uname -X     = unknown

/bin/arch              = unknown
/usr/bin/arch -k       = unknown
/usr/convex/getsysinfo = unknown
hostinfo               = Mach kernel version:
	 Darwin Kernel Version 9.8.0: Wed Jul 15 16:55:01 PDT 2009; root:xnu-1228.15.4~1/RELEASE_I386
Kernel configured for up to 2 processors.
2 processors are physically available.
2 processors are logically available.
Processor type: i486 (Intel 80486)
Processors active: 0 1
Primary memory available: 2.00 gigabytes
Default processor set: 88 tasks, 397 threads, 2 processors
Load average: 1.08, Mach factor: 0.95
/bin/machine           = unknown
/usr/bin/oslevel       = unknown
/bin/universe          = unknown

PATH: /Users/maryam/fastlib2/script
PATH: /opt/local/bin
PATH: /opt/local/sbin
PATH: /usr/local/bin
PATH: /usr/local/sbin
PATH: /usr/local/mysql/bin
PATH: /Users/maryam/fastlib2/script
PATH: /usr/bin
PATH: /bin
PATH: /usr/sbin
PATH: /sbin
PATH: /usr/local/bin
PATH: /usr/X11/bin
PATH: /opt/local/bin
PATH: /usr/local/git/bin
PATH: /usr/X11/bin


## ----------- ##
## Core tests. ##
## ----------- ##

configure:1522: loading cache config.cache
configure:1668: checking build system type
configure:1686: result: i386-apple-darwin9.5.2
configure:1697: checking whether we want to compile in debug mode
configure:1726: result: no
configure:1949: checking for xlc_r
configure:1975: result: cc
configure:1996: checking for C compiler version
configure:1999: cc --version </dev/null >&5
i686-apple-darwin9-gcc-4.0.1 (GCC) 4.0.1 (Apple Inc. build 5490)
Copyright (C) 2005 Free Software Foundation, Inc.
This is free software; see the source for copying conditions.  There is NO
warranty; not even for MERCHANTABILITY or FITNESS FOR A PARTICULAR PURPOSE.

configure:2002: $? = 0
configure:2004: cc -v </dev/null >&5
Using built-in specs.
Target: i686-apple-darwin9
Configured with: /var/tmp/gcc/gcc-5490~1/src/configure --disable-checking -enable-werror --prefix=/usr --mandir=/share/man --enable-languages=c,objc,c++,obj-c++ --program-transform-name=/^[cg][^.-]*$/s/$/-4.0/ --with-gxx-include-dir=/include/c++/4.0.0 --with-slibdir=/usr/lib --build=i686-apple-darwin9 --with-arch=apple --with-tune=generic --host=i686-apple-darwin9 --target=i686-apple-darwin9
Thread model: posix
gcc version 4.0.1 (Apple Inc. build 5490)
configure:2007: $? = 0
configure:2009: cc -V </dev/null >&5
gcc-4.0: argument to `-V' is missing
configure:2012: $? = 1
configure:2035: checking for C compiler default output file name
configure:2038: cc    conftest.c  >&5
configure:2041: $? = 0
configure:2087: result: a.out
configure:2092: checking whether the C compiler works
configure:2098: ./a.out
configure:2101: $? = 0
configure:2118: result: yes
configure:2125: checking whether we are cross compiling
configure:2127: result: no
configure:2130: checking for suffix of executables
configure:2132: cc -o conftest    conftest.c  >&5
configure:2135: $? = 0
configure:2160: result: 
configure:2166: checking for suffix of object files
configure:2212: result: o
configure:2216: checking whether we are using the GNU C compiler
configure:2272: result: yes
configure:2278: checking whether cc accepts -g
configure:2329: result: yes
configure:2346: checking for cc option to accept ANSI C
configure:2453: result: none needed
configure:2471: cc -c -g -O2  conftest.c >&5
conftest.c:2: error: syntax error before 'me'
configure:2477: $? = 1
configure: failed program was:
| #ifndef __cplusplus
|   choke me
| #endif
configure:2932: cc -o conftest -O3 -fomit-frame-pointer -pipe -DNDEBUG -Wimplicit -Wparentheses -Wsequence-point -Wreturn-type -Wcast-qual -Wall -Wno-unknown-pragmas     conftest.c  >&5
configure:2938: $? = 0
configure:2942: test -z 
			 || test ! -s conftest.err
configure:2945: $? = 0
configure:2948: test -s conftest
configure:2951: $? = 0
configure:3018: C compiler options are: -O3 -fomit-frame-pointer -pipe -DNDEBUG -Wimplicit -Wparentheses -Wsequence-point -Wreturn-type -Wcast-qual -Wall -Wno-unknown-pragmas  
configure:3147: checking for g++
configure:3173: result: g++
configure:3189: checking for C++ compiler version
configure:3192: g++ --version </dev/null >&5
i686-apple-darwin9-g++-4.0.1 (GCC) 4.0.1 (Apple Inc. build 5490)
Copyright (C) 2005 Free Software Foundation, Inc.
This is free software; see the source for copying conditions.  There is NO
warranty; not even for MERCHANTABILITY or FITNESS FOR A PARTICULAR PURPOSE.

configure:3195: $? = 0
configure:3197: g++ -v </dev/null >&5
Using built-in specs.
Target: i686-apple-darwin9
Configured with: /var/tmp/gcc/gcc-5490~1/src/configure --disable-checking -enable-werror --prefix=/usr --mandir=/share/man --enable-languages=c,objc,c++,obj-c++ --program-transform-name=/^[cg][^.-]*$/s/$/-4.0/ --with-gxx-include-dir=/include/c++/4.0.0 --with-slibdir=/usr/lib --build=i686-apple-darwin9 --with-arch=apple --with-tune=generic --host=i686-apple-darwin9 --target=i686-apple-darwin9
Thread model: posix
gcc version 4.0.1 (Apple Inc. build 5490)
configure:3200: $? = 0
configure:3202: g++ -V </dev/null >&5
g++-4.0: argument to `-V' is missing
configure:3205: $? = 1
configure:3208: checking whether we are using the GNU C++ compiler
configure:3264: result: yes
configure:3270: checking whether g++ accepts -g
configure:3321: result: yes
configure:3363: g++ -c -g -O2  conftest.cc >&5
configure:3369: $? = 0
configure:3373: test -z 
			 || test ! -s conftest.err
configure:3376: $? = 0
configure:3379: test -s conftest.o
configure:3382: $? = 0
configure:3408: g++ -c -g -O2  conftest.cc >&5
conftest.cc: In function 'int main()':
conftest.cc:13: error: 'exit' was not declared in this scope
configure:3414: $? = 1
configure: failed program was:
| /* confdefs.h.  */
| 
| #define PACKAGE_NAME "Clp"
| #define PACKAGE_TARNAME "clp"
| #define PACKAGE_VERSION "1.10stable"
| #define PACKAGE_STRING "Clp 1.10stable"
| #define PACKAGE_BUGREPORT "coin-clp@lists.coin-or.org"
| /* end confdefs.h.  */
| 
| int
| main ()
| {
| exit (42);
|   ;
|   return 0;
| }
configure:3363: g++ -c -g -O2  conftest.cc >&5
/usr/include/stdlib.h:159: error: declaration of 'void std::exit(int)' throws different exceptions
conftest.cc:9: error: than previous declaration 'void std::exit(int) throw ()'
configure:3369: $? = 1
configure: failed program was:
| /* confdefs.h.  */
| 
| #define PACKAGE_NAME "Clp"
| #define PACKAGE_TARNAME "clp"
| #define PACKAGE_VERSION "1.10stable"
| #define PACKAGE_STRING "Clp 1.10stable"
| #define PACKAGE_BUGREPORT "coin-clp@lists.coin-or.org"
| /* end confdefs.h.  */
| extern "C" void std::exit (int) throw (); using std::exit;
| #include <stdlib.h>
| int
| main ()
| {
| exit (42);
|   ;
|   return 0;
| }
configure:3363: g++ -c -g -O2  conftest.cc >&5
configure:3369: $? = 0
configure:3373: test -z 
			 || test ! -s conftest.err
configure:3376: $? = 0
configure:3379: test -s conftest.o
configure:3382: $? = 0
configure:3408: g++ -c -g -O2  conftest.cc >&5
configure:3414: $? = 0
configure:3418: test -z 
			 || test ! -s conftest.err
configure:3421: $? = 0
configure:3424: test -s conftest.o
configure:3427: $? = 0
configure:3459: checking whether C++ compiler g++ works
configure:3477: g++ -c -g -O2  conftest.cc >&5
configure:3483: $? = 0
configure:3487: test -z 
			 || test ! -s conftest.err
configure:3490: $? = 0
configure:3493: test -s conftest.o
configure:3496: $? = 0
configure:3498: result: yes
configure:3858: g++ -o conftest -O3 -fomit-frame-pointer -pipe -DNDEBUG -Wimplicit -Wparentheses -Wreturn-type -Wcast-qual -Wall -Wpointer-arith -Wwrite-strings -Wconversion -Wno-unknown-pragmas     conftest.cc  >&5
configure:3864: $? = 0
configure:3868: test -z 
			 || test ! -s conftest.err
configure:3871: $? = 0
configure:3874: test -s conftest
configure:3877: $? = 0
configure:3944: C++ compiler options are: -O3 -fomit-frame-pointer -pipe -DNDEBUG -Wimplicit -Wparentheses -Wreturn-type -Wcast-qual -Wall -Wpointer-arith -Wwrite-strings -Wconversion -Wno-unknown-pragmas  
configure:4026: Trying to determine Fortran compiler name
configure:4032: checking for xlf_r
configure:4061: result: no
configure:4032: checking for fort77
configure:4061: result: no
configure:4032: checking for gfortran
configure:4061: result: no
configure:4032: checking for f77
configure:4061: result: no
configure:4032: checking for g77
configure:4061: result: no
configure:4032: checking for pgf90
configure:4061: result: no
configure:4032: checking for pgf77
configure:4061: result: no
configure:4032: checking for ifort
configure:4061: result: no
configure:4032: checking for ifc
configure:4061: result: no
configure:4032: checking for frt
configure:4061: result: no
configure:4032: checking for af77
configure:4061: result: no
configure:4307: WARNING: Failed to find a Fortran compiler!
configure:4641: Fortran compiler options are:  
configure:4754: checking for egrep
configure:4764: result: grep -E
configure:4783: checking for a BSD-compatible install
configure:4838: result: /usr/bin/install -c
configure:4849: checking whether build environment is sane
configure:4892: result: yes
configure:4957: checking for gawk
configure:4983: result: awk
configure:4993: checking whether make sets $(MAKE)
configure:5013: result: yes
configure:5043: checking for style of include used by make
configure:5071: result: GNU
configure:5251: checking dependency style of cc
configure:5341: result: gcc3
configure:5360: checking dependency style of g++
configure:5450: result: gcc3
configure:5468: checking whether to enable maintainer-specific portions of Makefiles
configure:5477: result: no
configure:5922: checking host system type
configure:5936: result: i386-apple-darwin9.5.2
configure:5944: checking for a sed that does not truncate output
configure:5998: result: /usr/bin/sed
configure:6012: checking for ld used by cc
configure:6079: result: /usr/libexec/gcc/i686-apple-darwin9/4.0.1/ld
configure:6088: checking if the linker (/usr/libexec/gcc/i686-apple-darwin9/4.0.1/ld) is GNU ld
configure:6103: result: no
configure:6108: checking for /usr/libexec/gcc/i686-apple-darwin9/4.0.1/ld option to reload object files
configure:6115: result: -r
configure:6133: checking for BSD-compatible nm
configure:6182: result: /usr/bin/nm -p
configure:6186: checking whether ln -s works
configure:6190: result: yes
configure:6197: checking how to recognise dependent libraries
configure:6373: result: pass_all
configure:6609: checking how to run the C preprocessor
configure:6727: result: cc -E
configure:6751: cc -E  conftest.c
configure:6757: $? = 0
configure:6789: cc -E  conftest.c
conftest.c:14:28: error: ac_nonexistent.h: No such file or directory
configure:6795: $? = 1
configure: failed program was:
| /* confdefs.h.  */
| 
| #define PACKAGE_NAME "Clp"
| #define PACKAGE_TARNAME "clp"
| #define PACKAGE_VERSION "1.10stable"
| #define PACKAGE_STRING "Clp 1.10stable"
| #define PACKAGE_BUGREPORT "coin-clp@lists.coin-or.org"
| #ifdef __cplusplus
| extern "C" void std::exit (int); using std::exit;
| #endif
| #define PACKAGE "clp"
| #define VERSION "1.10stable"
| /* end confdefs.h.  */
| #include <ac_nonexistent.h>
configure:6839: checking for ANSI C header files
configure:6995: result: yes
configure:7019: checking for sys/types.h
configure:7065: result: yes
configure:7019: checking for sys/stat.h
configure:7065: result: yes
configure:7019: checking for stdlib.h
configure:7065: result: yes
configure:7019: checking for string.h
configure:7065: result: yes
configure:7019: checking for memory.h
configure:7065: result: yes
configure:7019: checking for strings.h
configure:7065: result: yes
configure:7019: checking for inttypes.h
configure:7065: result: yes
configure:7019: checking for stdint.h
configure:7065: result: yes
configure:7019: checking for unistd.h
configure:7065: result: yes
configure:7082: checking for dlfcn.h
configure:7087: result: yes
configure:7237: checking how to run the C++ preprocessor
configure:7351: result: g++ -E
configure:7375: g++ -E  conftest.cc
configure:7381: $? = 0
configure:7413: g++ -E  conftest.cc
conftest.cc:25:28: error: ac_nonexistent.h: No such file or directory
configure:7419: $? = 1
configure: failed program was:
| /* confdefs.h.  */
| 
| #define PACKAGE_NAME "Clp"
| #define PACKAGE_TARNAME "clp"
| #define PACKAGE_VERSION "1.10stable"
| #define PACKAGE_STRING "Clp 1.10stable"
| #define PACKAGE_BUGREPORT "coin-clp@lists.coin-or.org"
| #ifdef __cplusplus
| extern "C" void std::exit (int); using std::exit;
| #endif
| #define PACKAGE "clp"
| #define VERSION "1.10stable"
| #define STDC_HEADERS 1
| #define HAVE_SYS_TYPES_H 1
| #define HAVE_SYS_STAT_H 1
| #define HAVE_STDLIB_H 1
| #define HAVE_STRING_H 1
| #define HAVE_MEMORY_H 1
| #define HAVE_STRINGS_H 1
| #define HAVE_INTTYPES_H 1
| #define HAVE_STDINT_H 1
| #define HAVE_UNISTD_H 1
| #define HAVE_DLFCN_H 1
| /* end confdefs.h.  */
| #include <ac_nonexistent.h>
configure:7468: checking the maximum length of command line arguments
configure:7577: result: 196608
configure:7588: checking command to parse /usr/bin/nm -p output from cc object
configure:7796: result: ok
configure:7800: checking for objdir
configure:7815: result: .libs
configure:7905: checking for ar
configure:7932: result: ar
configure:7985: checking for ranlib
configure:8012: result: ranlib
configure:8065: checking for strip
configure:8092: result: strip
configure:8368: checking if cc supports -fno-rtti -fno-exceptions
configure:8403: result: no
configure:8418: checking for cc option to produce PIC
configure:8628: result: -fno-common
configure:8636: checking if cc PIC flag -fno-common works
configure:8654: cc -c -O3 -fomit-frame-pointer -pipe -DNDEBUG -Wimplicit -Wparentheses -Wsequence-point -Wreturn-type -Wcast-qual -Wall -Wno-unknown-pragmas    -fno-common -DPIC conftest.c >&5
configure:8658: $? = 0
configure:8671: result: yes
configure:8699: checking if cc static flag -static works
configure:8727: result: no
configure:8737: checking if cc supports -c -o file.o
configure:8784: result: yes
configure:8810: checking whether the cc linker (/usr/libexec/gcc/i686-apple-darwin9/4.0.1/ld) supports shared libraries
configure:9768: result: yes
configure:9835: checking dynamic linker characteristics
configure:10423: result: darwin9.5.2 dyld
configure:10432: checking how to hardcode library paths into programs
configure:10457: result: immediate
configure:10471: checking whether stripping libraries is possible
configure:10484: result: yes
configure:11310: checking if libtool supports shared libraries
configure:11312: result: yes
configure:11315: checking whether to build shared libraries
configure:11336: result: yes
configure:11339: checking whether to build static libraries
configure:11343: result: no
configure:11435: creating libtool
configure:12023: checking for ld used by g++
configure:12090: result: /usr/libexec/gcc/i686-apple-darwin9/4.0.1/ld
configure:12099: checking if the linker (/usr/libexec/gcc/i686-apple-darwin9/4.0.1/ld) is GNU ld
configure:12114: result: no
configure:12165: checking whether the g++ linker (/usr/libexec/gcc/i686-apple-darwin9/4.0.1/ld) supports shared libraries
configure:13103: result: yes
configure:13125: g++ -c -O3 -fomit-frame-pointer -pipe -DNDEBUG -Wimplicit -Wparentheses -Wreturn-type -Wcast-qual -Wall -Wpointer-arith -Wwrite-strings -Wconversion -Wno-unknown-pragmas    conftest.cpp >&5
configure:13128: $? = 0
configure:13247: checking for g++ option to produce PIC
configure:13521: result: -fno-common
configure:13529: checking if g++ PIC flag -fno-common works
configure:13547: g++ -c -O3 -fomit-frame-pointer -pipe -DNDEBUG -Wimplicit -Wparentheses -Wreturn-type -Wcast-qual -Wall -Wpointer-arith -Wwrite-strings -Wconversion -Wno-unknown-pragmas    -fno-common -DPIC conftest.cpp >&5
configure:13551: $? = 0
configure:13564: result: yes
configure:13592: checking if g++ static flag -static works
configure:13620: result: no
configure:13630: checking if g++ supports -c -o file.o
configure:13677: result: yes
configure:13703: checking whether the g++ linker (/usr/libexec/gcc/i686-apple-darwin9/4.0.1/ld) supports shared libraries
configure:13728: result: yes
configure:13795: checking dynamic linker characteristics
configure:14383: result: darwin9.5.2 dyld
configure:14392: checking how to hardcode library paths into programs
configure:14417: result: immediate
configure:14943: checking if libtool supports shared libraries
configure:14945: result: yes
configure:14948: checking whether to build shared libraries
configure:14968: result: yes
configure:14971: checking whether to build static libraries
configure:14975: result: no
configure:14985: checking for unavailable option to produce PIC
configure:15195: result: -fno-common
configure:15203: checking if unavailable PIC flag -fno-common works
configure:15221: unavailable -c   -fno-common conftest.f >&5
./configure: line 15222: unavailable: command not found
configure:15225: $? = 127
configure:15238: result: no
configure:15266: checking if unavailable static flag -static works
configure:15294: result: no
configure:15304: checking if unavailable supports -c -o file.o
configure:15351: result: no
configure:15377: checking whether the unavailable linker (/usr/libexec/gcc/i686-apple-darwin9/4.0.1/ld) supports shared libraries
configure:16315: result: yes
configure:16382: checking dynamic linker characteristics
configure:16970: result: darwin9.5.2 dyld
configure:16979: checking how to hardcode library paths into programs
configure:17004: result: immediate
configure:20590: Build is "i386-apple-darwin9.5.2".
configure:20677: Applying patches to libtool for Darwin
configure:20801: checking whether directory CoinUtils is available
configure:20816: result: yes
configure:20839: checking whether directory Data/Netlib is available
configure:20861: result: no
configure:20877: checking whether directory Data/Sample is available
configure:20892: result: yes
configure:20915: checking whether directory Clp is available
configure:20930: result: yes
configure:20966: checking which command should be used to link input files
configure:20976: result: ln -s
configure:21180: creating ./config.status

## ---------------------- ##
## Running config.status. ##
## ---------------------- ##

This file was extended by Clp config.status 1.10stable, which was
generated by GNU Autoconf 2.59.  Invocation command line was

  CONFIG_FILES    = 
  CONFIG_HEADERS  = 
  CONFIG_LINKS    = 
  CONFIG_COMMANDS = 
  $ ./config.status 

on maryam-mahdavianis-imac

config.status:744: creating Makefile
config.status:927: executing depfiles commands
configure:22322: configuring in CoinUtils
configure:22439: running /bin/sh './configure' --prefix=/Optemo/site/lib/c_code/learningCodes/LP  '-C' --cache-file=../config.cache --srcdir=.
configure:22322: configuring in Data/Sample
configure:22439: running /bin/sh './configure' --prefix=/Optemo/site/lib/c_code/learningCodes/LP  '-C' --cache-file=../../config.cache --srcdir=.
configure:22322: configuring in Clp
configure:22439: running /bin/sh './configure' --prefix=/Optemo/site/lib/c_code/learningCodes/LP  '-C' --cache-file=../config.cache --srcdir=.
configure:22512: Main configuration of Clp successful

## ---------------- ##
## Cache variables. ##
## ---------------- ##

ac_cv_build=i386-apple-darwin9.5.2
ac_cv_build_alias=i386-apple-darwin9.5.2
ac_cv_c_compiler_gnu=yes
ac_cv_cxx_compiler_gnu=yes
ac_cv_env_ADD_CFLAGS_set=
ac_cv_env_ADD_CFLAGS_value=
ac_cv_env_ADD_CXXFLAGS_set=
ac_cv_env_ADD_CXXFLAGS_value=
ac_cv_env_ADD_FFLAGS_set=
ac_cv_env_ADD_FFLAGS_value=
ac_cv_env_CC_set=
ac_cv_env_CC_value=
ac_cv_env_CDEFS_set=
ac_cv_env_CDEFS_value=
ac_cv_env_CFLAGS_set=
ac_cv_env_CFLAGS_value=
ac_cv_env_COIN_SKIP_PROJECTS_set=
ac_cv_env_COIN_SKIP_PROJECTS_value=
ac_cv_env_CPPFLAGS_set=
ac_cv_env_CPPFLAGS_value=
ac_cv_env_CPP_set=
ac_cv_env_CPP_value=
ac_cv_env_CXXCPP_set=
ac_cv_env_CXXCPP_value=
ac_cv_env_CXXDEFS_set=
ac_cv_env_CXXDEFS_value=
ac_cv_env_CXXFLAGS_set=
ac_cv_env_CXXFLAGS_value=
ac_cv_env_CXX_set=
ac_cv_env_CXX_value=
ac_cv_env_DBG_CFLAGS_set=
ac_cv_env_DBG_CFLAGS_value=
ac_cv_env_DBG_CXXFLAGS_set=
ac_cv_env_DBG_CXXFLAGS_value=
ac_cv_env_DBG_FFLAGS_set=
ac_cv_env_DBG_FFLAGS_value=
ac_cv_env_F77_set=
ac_cv_env_F77_value=
ac_cv_env_FFLAGS_set=
ac_cv_env_FFLAGS_value=
ac_cv_env_LDFLAGS_set=
ac_cv_env_LDFLAGS_value=
ac_cv_env_MPICC_set=
ac_cv_env_MPICC_value=
ac_cv_env_MPICXX_set=
ac_cv_env_MPICXX_value=
ac_cv_env_MPIF77_set=
ac_cv_env_MPIF77_value=
ac_cv_env_OPT_CFLAGS_set=
ac_cv_env_OPT_CFLAGS_value=
ac_cv_env_OPT_CXXFLAGS_set=
ac_cv_env_OPT_CXXFLAGS_value=
ac_cv_env_OPT_FFLAGS_set=
ac_cv_env_OPT_FFLAGS_value=
ac_cv_env_build_alias_set=
ac_cv_env_build_alias_value=
ac_cv_env_host_alias_set=
ac_cv_env_host_alias_value=
ac_cv_env_target_alias_set=
ac_cv_env_target_alias_value=
ac_cv_exeext=
ac_cv_have_decl_finite=yes
ac_cv_have_decl_isnan=no
ac_cv_have_decl_std__isnan_42_42_=yes
ac_cv_header_cassert=yes
ac_cv_header_cfloat=yes
ac_cv_header_cieeefp=no
ac_cv_header_cinttypes=no
ac_cv_header_cmath=yes
ac_cv_header_dlfcn_h=yes
ac_cv_header_ieeefp_h=no
ac_cv_header_inttypes_h=yes
ac_cv_header_memory_h=yes
ac_cv_header_stdc=yes
ac_cv_header_stdint_h=yes
ac_cv_header_stdlib_h=yes
ac_cv_header_string_h=yes
ac_cv_header_strings_h=yes
ac_cv_header_sys_stat_h=yes
ac_cv_header_sys_types_h=yes
ac_cv_header_unistd_h=yes
ac_cv_header_windows_h=no
ac_cv_host=i386-apple-darwin9.5.2
ac_cv_host_alias=i386-apple-darwin9.5.2
ac_cv_objext=o
ac_cv_path_install='/usr/bin/install -c'
ac_cv_prog_AWK=awk
ac_cv_prog_CPP='cc -E'
ac_cv_prog_CXXCPP='g++ -E'
ac_cv_prog_ac_ct_AR=ar
ac_cv_prog_ac_ct_CC=cc
ac_cv_prog_ac_ct_CXX=g++
ac_cv_prog_ac_ct_RANLIB=ranlib
ac_cv_prog_ac_ct_STRIP=strip
ac_cv_prog_cc_g=yes
ac_cv_prog_cc_stdc=
ac_cv_prog_cxx_g=yes
ac_cv_prog_egrep='grep -E'
ac_cv_prog_make_make_set=yes
ac_cv_type_int64_t=yes
ac_cv_type_intptr_t=yes
am_cv_CC_dependencies_compiler_type=gcc3
am_cv_CXX_dependencies_compiler_type=gcc3
lt_cv_deplibs_check_method=pass_all
lt_cv_file_magic_cmd='$MAGIC_CMD'
lt_cv_file_magic_test_file=
lt_cv_ld_reload_flag=-r
lt_cv_objdir=.libs
lt_cv_path_LD=/usr/libexec/gcc/i686-apple-darwin9/4.0.1/ld
lt_cv_path_LDCXX=/usr/libexec/gcc/i686-apple-darwin9/4.0.1/ld
lt_cv_path_NM='/usr/bin/nm -p'
lt_cv_path_SED=/usr/bin/sed
lt_cv_prog_compiler_c_o=yes
lt_cv_prog_compiler_c_o_CXX=yes
lt_cv_prog_compiler_c_o_F77=no
lt_cv_prog_compiler_rtti_exceptions=no
lt_cv_prog_gnu_ld=no
lt_cv_prog_gnu_ldcxx=no
lt_cv_sys_global_symbol_pipe='sed -n -e '\''s/^.*[ 	]\([BCDEGRST][BCDEGRST]*\)[ 	][ 	]*_\([_A-Za-z][_A-Za-z0-9]*\)$/\1 _\2 \2/p'\'''
lt_cv_sys_global_symbol_to_c_name_address='sed -n -e '\''s/^: \([^ ]*\) $/  {\"\1\", (lt_ptr) 0},/p'\'' -e '\''s/^[BCDEGRST] \([^ ]*\) \([^ ]*\)$/  {"\2", (lt_ptr) \&\2},/p'\'''
lt_cv_sys_global_symbol_to_cdecl='sed -n -e '\''s/^. .* \(.*\)$/extern int \1;/p'\'''
lt_cv_sys_max_cmd_len=196608
lt_lt_cv_prog_compiler_c_o='"yes"'
lt_lt_cv_prog_compiler_c_o_CXX='"yes"'
lt_lt_cv_prog_compiler_c_o_F77='"no"'
lt_lt_cv_sys_global_symbol_pipe='"sed -n -e '\''s/^.*[ 	]\\([BCDEGRST][BCDEGRST]*\\)[ 	][ 	]*_\\([_A-Za-z][_A-Za-z0-9]*\\)\$/\\1 _\\2 \\2/p'\''"'
lt_lt_cv_sys_global_symbol_to_c_name_address='"sed -n -e '\''s/^: \\([^ ]*\\) \$/  {\\\"\\1\\\", (lt_ptr) 0},/p'\'' -e '\''s/^[BCDEGRST] \\([^ ]*\\) \\([^ ]*\\)\$/  {\"\\2\", (lt_ptr) \\&\\2},/p'\''"'
lt_lt_cv_sys_global_symbol_to_cdecl='"sed -n -e '\''s/^. .* \\(.*\\)\$/extern int \\1;/p'\''"'

## ----------------- ##
## Output variables. ##
## ----------------- ##

ACLOCAL='${SHELL} /Optemo/site/lib/c_code/learningCodes/LP/missing --run aclocal-1.9'
ADD_CFLAGS=''
ADD_CXXFLAGS=''
ADD_FFLAGS=''
AMDEPBACKSLASH='\'
AMDEP_FALSE='#'
AMDEP_TRUE=''
AMTAR='${SHELL} /Optemo/site/lib/c_code/learningCodes/LP/missing --run tar'
AR='ar'
AUTOCONF='${SHELL} /Optemo/site/lib/c_code/learningCodes/LP/missing --run autoconf'
AUTOHEADER='${SHELL} /Optemo/site/lib/c_code/learningCodes/LP/missing --run autoheader'
AUTOMAKE='${SHELL} /Optemo/site/lib/c_code/learningCodes/LP/missing --run automake-1.9'
AUX_DIR=''
AWK='awk'
BUILDTOOLSDIR=''
CC='cc'
CCDEPMODE='depmode=gcc3'
CDEFS=''
CFLAGS='-O3 -fomit-frame-pointer -pipe -DNDEBUG -Wimplicit -Wparentheses -Wsequence-point -Wreturn-type -Wcast-qual -Wall -Wno-unknown-pragmas  '
COIN_SKIP_PROJECTS=''
CPP='cc -E'
CPPFLAGS=''
CXX='g++'
CXXCPP='g++ -E'
CXXDEFS=''
CXXDEPMODE='depmode=gcc3'
CXXFLAGS='-O3 -fomit-frame-pointer -pipe -DNDEBUG -Wimplicit -Wparentheses -Wreturn-type -Wcast-qual -Wall -Wpointer-arith -Wwrite-strings -Wconversion -Wno-unknown-pragmas  '
CYGPATH_W='echo'
DBG_CFLAGS='-g -pipe -Wimplicit -Wparentheses -Wsequence-point -Wreturn-type -Wcast-qual -Wall -Wno-unknown-pragmas  '
DBG_CXXFLAGS='-g -pipe -Wimplicit -Wparentheses -Wreturn-type -Wcast-qual -Wall -Wpointer-arith -Wwrite-strings -Wconversion -Wno-unknown-pragmas  '
DBG_FFLAGS=' '
DEFS='-DPACKAGE_NAME=\"Clp\" -DPACKAGE_TARNAME=\"clp\" -DPACKAGE_VERSION=\"1.10stable\" -DPACKAGE_STRING=\"Clp\ 1.10stable\" -DPACKAGE_BUGREPORT=\"coin-clp@lists.coin-or.org\" -DPACKAGE=\"clp\" -DVERSION=\"1.10stable\" -DSTDC_HEADERS=1 -DHAVE_SYS_TYPES_H=1 -DHAVE_SYS_STAT_H=1 -DHAVE_STDLIB_H=1 -DHAVE_STRING_H=1 -DHAVE_MEMORY_H=1 -DHAVE_STRINGS_H=1 -DHAVE_INTTYPES_H=1 -DHAVE_STDINT_H=1 -DHAVE_UNISTD_H=1 -DHAVE_DLFCN_H=1 '
DEPDIR='.deps'
ECHO='/bin/echo'
ECHO_C='ECHO_N=''
ECHO_T=''
EGREP='grep -E'
EXEEXT=''
F77='unavailable'
FFLAGS=' '
HAVE_EXTERNALS_FALSE=''
HAVE_EXTERNALS_TRUE='#'
INSTALL_DATA='${INSTALL} -m 644'
INSTALL_PROGRAM='${INSTALL}'
INSTALL_SCRIPT='${INSTALL}'
INSTALL_STRIP_PROGRAM='${SHELL} $(install_sh) -c -s'
LDFLAGS=''
LIBEXT='a'
LIBOBJS=''
LIBS=''
LIBTOOL='$(SHELL) $(top_builddir)/libtool'
LIBTOOLM4=''
LN_S='ln -s'
LTLIBOBJS=''
LT_LDFLAGS=''
MAINT='#'
MAINTAINER_MODE_FALSE=''
MAINTAINER_MODE_TRUE='#'
MAKEINFO='${SHELL} /Optemo/site/lib/c_code/learningCodes/LP/missing --run makeinfo'
MPICC=''
MPICXX=''
MPIF77=''
OBJEXT='o'
OPT_CFLAGS='-O3 -fomit-frame-pointer -pipe -DNDEBUG -Wimplicit -Wparentheses -Wsequence-point -Wreturn-type -Wcast-qual -Wall -Wno-unknown-pragmas  '
OPT_CXXFLAGS='-O3 -fomit-frame-pointer -pipe -DNDEBUG -Wimplicit -Wparentheses -Wreturn-type -Wcast-qual -Wall -Wpointer-arith -Wwrite-strings -Wconversion -Wno-unknown-pragmas  '
OPT_FFLAGS=' '
PACKAGE='clp'
PACKAGE_BUGREPORT='coin-clp@lists.coin-or.org'
PACKAGE_NAME='Clp'
PACKAGE_STRING='Clp 1.10stable'
PACKAGE_TARNAME='clp'
PACKAGE_VERSION='1.10stable'
PATH_SEPARATOR=':'
RANLIB='ranlib'
RPATH_FLAGS=''
SET_MAKE=''
SHELL='/bin/sh'
STRIP='strip'
VERSION='1.10stable'
VPATH_DISTCLEANFILES=''
abs_bin_dir='/Optemo/site/lib/c_code/learningCodes/LP/bin'
abs_include_dir='/Optemo/site/lib/c_code/learningCodes/LP/include'
abs_lib_dir='/Optemo/site/lib/c_code/learningCodes/LP/lib'
abs_source_dir='/Optemo/site/lib/c_code/learningCodes/LP'
ac_c_preproc_warn_flag=''
ac_ct_AR='ar'
ac_ct_CC='cc'
ac_ct_CXX='g++'
ac_ct_F77=''
ac_ct_RANLIB='ranlib'
ac_ct_STRIP='strip'
ac_cxx_preproc_warn_flag=''
am__fastdepCC_FALSE='#'
am__fastdepCC_TRUE=''
am__fastdepCXX_FALSE='#'
am__fastdepCXX_TRUE=''
am__include='include'
am__leading_dot='.'
am__quote=''
am__tar='${AMTAR} chof - "$$tardir"'
am__untar='${AMTAR} xf -'
bindir='${exec_prefix}/bin'
build='i386-apple-darwin9.5.2'
build_alias=''
build_cpu='i386'
build_os='darwin9.5.2'
build_vendor='apple'
datadir='${prefix}/share'
exec_prefix='${prefix}'
have_autoconf=''
have_automake=''
have_svn=''
host='i386-apple-darwin9.5.2'
host_alias=''
host_cpu='i386'
host_os='darwin9.5.2'
host_vendor='apple'
includedir='${prefix}/include'
infodir='${prefix}/info'
install_sh='/Optemo/site/lib/c_code/learningCodes/LP/install-sh'
libdir='${exec_prefix}/lib'
libexecdir='${exec_prefix}/libexec'
localstatedir='${prefix}/var'
mandir='${prefix}/man'
mkdir_p='$(install_sh) -d'
oldincludedir='/usr/include'
prefix='/Optemo/site/lib/c_code/learningCodes/LP'
program_transform_name='s,x,x,'
sbindir='${exec_prefix}/sbin'
sharedstatedir='${prefix}/com'
sol_cc_compiler=''
subdirs=' CoinUtils Data/Sample Clp'
sysconfdir='${prefix}/etc'
target_alias=''

## ----------- ##
## confdefs.h. ##
## ----------- ##

#define HAVE_DLFCN_H 1
#define HAVE_INTTYPES_H 1
#define HAVE_MEMORY_H 1
#define HAVE_STDINT_H 1
#define HAVE_STDLIB_H 1
#define HAVE_STRINGS_H 1
#define HAVE_STRING_H 1
#define HAVE_SYS_STAT_H 1
#define HAVE_SYS_TYPES_H 1
#define HAVE_UNISTD_H 1
#define PACKAGE "clp"
#define PACKAGE_BUGREPORT "coin-clp@lists.coin-or.org"
#define PACKAGE_NAME "Clp"
#define PACKAGE_STRING "Clp 1.10stable"
#define PACKAGE_TARNAME "clp"
#define PACKAGE_VERSION "1.10stable"
#define STDC_HEADERS 1
#define VERSION "1.10stable"
#endif
#ifdef __cplusplus
extern "C" void std::exit (int); using std::exit;

configure: exit 0
