This file contains any messages produced by compilers while
running configure, to aid debugging if configure makes a mistake.

It was created by CoinUtils configure 2.5.0, which was
generated by GNU Autoconf 2.59.  Invocation command line was

  $ ./configure --prefix=/Optemo/site/lib/c_code/learningCodes/LP -C --cache-file=../config.cache --srcdir=.

## --------- ##
## Platform. ##
## --------- ##

hostname = maryam-mahdavianis-imac
uname -m = i386
uname -r = 9.8.0
uname -s = Darwin
uname -v = Darwin Kernel Version 9.8.0: Wed Jul 15 16:55:01 PDT 2009; root:xnu-1228.15.4~1/RELEASE_I386

/usr/bin/uname -p = i386
/bin/uname -X     = unknown

/bin/arch              = unknown
/usr/bin/arch -k       = unknown
/usr/convex/getsysinfo = unknown
hostinfo               = Mach kernel version:
	 Darwin Kernel Version 9.8.0: Wed Jul 15 16:55:01 PDT 2009; root:xnu-1228.15.4~1/RELEASE_I386
Kernel configured for up to 2 processors.
2 processors are physically available.
2 processors are logically available.
Processor type: i486 (Intel 80486)
Processors active: 0 1
Primary memory available: 2.00 gigabytes
Default processor set: 89 tasks, 400 threads, 2 processors
Load average: 1.73, Mach factor: 0.56
/bin/machine           = unknown
/usr/bin/oslevel       = unknown
/bin/universe          = unknown

PATH: /Users/maryam/fastlib2/script
PATH: /opt/local/bin
PATH: /opt/local/sbin
PATH: /usr/local/bin
PATH: /usr/local/sbin
PATH: /usr/local/mysql/bin
PATH: /Users/maryam/fastlib2/script
PATH: /usr/bin
PATH: /bin
PATH: /usr/sbin
PATH: /sbin
PATH: /usr/local/bin
PATH: /usr/X11/bin
PATH: /opt/local/bin
PATH: /usr/local/git/bin
PATH: /usr/X11/bin


## ----------- ##
## Core tests. ##
## ----------- ##

configure:1539: loading cache ../config.cache
configure:1684: checking build system type
configure:1702: result: i386-apple-darwin9.5.2
configure:1743: checking whether we want to compile in debug mode
configure:1790: result: no
configure:2052: checking for xlc_r
configure:2078: result: cc
configure:2099: checking for C compiler version
configure:2102: cc --version </dev/null >&5
i686-apple-darwin9-gcc-4.0.1 (GCC) 4.0.1 (Apple Inc. build 5490)
Copyright (C) 2005 Free Software Foundation, Inc.
This is free software; see the source for copying conditions.  There is NO
warranty; not even for MERCHANTABILITY or FITNESS FOR A PARTICULAR PURPOSE.

configure:2105: $? = 0
configure:2107: cc -v </dev/null >&5
Using built-in specs.
Target: i686-apple-darwin9
Configured with: /var/tmp/gcc/gcc-5490~1/src/configure --disable-checking -enable-werror --prefix=/usr --mandir=/share/man --enable-languages=c,objc,c++,obj-c++ --program-transform-name=/^[cg][^.-]*$/s/$/-4.0/ --with-gxx-include-dir=/include/c++/4.0.0 --with-slibdir=/usr/lib --build=i686-apple-darwin9 --with-arch=apple --with-tune=generic --host=i686-apple-darwin9 --target=i686-apple-darwin9
Thread model: posix
gcc version 4.0.1 (Apple Inc. build 5490)
configure:2110: $? = 0
configure:2112: cc -V </dev/null >&5
gcc-4.0: argument to `-V' is missing
configure:2115: $? = 1
configure:2138: checking for C compiler default output file name
configure:2141: cc    conftest.c  >&5
configure:2144: $? = 0
configure:2190: result: a.out
configure:2195: checking whether the C compiler works
configure:2201: ./a.out
configure:2204: $? = 0
configure:2221: result: yes
configure:2228: checking whether we are cross compiling
configure:2230: result: no
configure:2233: checking for suffix of executables
configure:2235: cc -o conftest    conftest.c  >&5
configure:2238: $? = 0
configure:2263: result: 
configure:2269: checking for suffix of object files
configure:2315: result: o
configure:2319: checking whether we are using the GNU C compiler
configure:2375: result: yes
configure:2381: checking whether cc accepts -g
configure:2432: result: yes
configure:2449: checking for cc option to accept ANSI C
configure:2556: result: none needed
configure:2574: cc -c -g -O2  conftest.c >&5
conftest.c:2: error: syntax error before 'me'
configure:2580: $? = 1
configure: failed program was:
| #ifndef __cplusplus
|   choke me
| #endif
configure:3035: cc -o conftest -O3 -fomit-frame-pointer -pipe -DNDEBUG -Wimplicit -Wparentheses -Wsequence-point -Wreturn-type -Wcast-qual -Wall -Wno-unknown-pragmas     conftest.c  >&5
configure:3041: $? = 0
configure:3045: test -z 
			 || test ! -s conftest.err
configure:3048: $? = 0
configure:3051: test -s conftest
configure:3054: $? = 0
configure:3121: C compiler options are: -O3 -fomit-frame-pointer -pipe -DNDEBUG -Wimplicit -Wparentheses -Wsequence-point -Wreturn-type -Wcast-qual -Wall -Wno-unknown-pragmas  
configure:3248: checking for g++
configure:3274: result: g++
configure:3290: checking for C++ compiler version
configure:3293: g++ --version </dev/null >&5
i686-apple-darwin9-g++-4.0.1 (GCC) 4.0.1 (Apple Inc. build 5490)
Copyright (C) 2005 Free Software Foundation, Inc.
This is free software; see the source for copying conditions.  There is NO
warranty; not even for MERCHANTABILITY or FITNESS FOR A PARTICULAR PURPOSE.

configure:3296: $? = 0
configure:3298: g++ -v </dev/null >&5
Using built-in specs.
Target: i686-apple-darwin9
Configured with: /var/tmp/gcc/gcc-5490~1/src/configure --disable-checking -enable-werror --prefix=/usr --mandir=/share/man --enable-languages=c,objc,c++,obj-c++ --program-transform-name=/^[cg][^.-]*$/s/$/-4.0/ --with-gxx-include-dir=/include/c++/4.0.0 --with-slibdir=/usr/lib --build=i686-apple-darwin9 --with-arch=apple --with-tune=generic --host=i686-apple-darwin9 --target=i686-apple-darwin9
Thread model: posix
gcc version 4.0.1 (Apple Inc. build 5490)
configure:3301: $? = 0
configure:3303: g++ -V </dev/null >&5
g++-4.0: argument to `-V' is missing
configure:3306: $? = 1
configure:3309: checking whether we are using the GNU C++ compiler
configure:3365: result: yes
configure:3371: checking whether g++ accepts -g
configure:3422: result: yes
configure:3464: g++ -c -g -O2  conftest.cc >&5
configure:3470: $? = 0
configure:3474: test -z 
			 || test ! -s conftest.err
configure:3477: $? = 0
configure:3480: test -s conftest.o
configure:3483: $? = 0
configure:3509: g++ -c -g -O2  conftest.cc >&5
conftest.cc: In function 'int main()':
conftest.cc:15: error: 'exit' was not declared in this scope
configure:3515: $? = 1
configure: failed program was:
| /* confdefs.h.  */
| 
| #define PACKAGE_NAME "CoinUtils"
| #define PACKAGE_TARNAME "coinutils"
| #define PACKAGE_VERSION "2.5.0"
| #define PACKAGE_STRING "CoinUtils 2.5.0"
| #define PACKAGE_BUGREPORT "http://projects.coin-or.org/CoinUtils"
| #define COIN_COINUTILS_VERBOSITY 0
| #define COIN_COINUTILS_CHECKLEVEL 0
| /* end confdefs.h.  */
| 
| int
| main ()
| {
| exit (42);
|   ;
|   return 0;
| }
configure:3464: g++ -c -g -O2  conftest.cc >&5
/usr/include/stdlib.h:159: error: declaration of 'void std::exit(int)' throws different exceptions
conftest.cc:11: error: than previous declaration 'void std::exit(int) throw ()'
configure:3470: $? = 1
configure: failed program was:
| /* confdefs.h.  */
| 
| #define PACKAGE_NAME "CoinUtils"
| #define PACKAGE_TARNAME "coinutils"
| #define PACKAGE_VERSION "2.5.0"
| #define PACKAGE_STRING "CoinUtils 2.5.0"
| #define PACKAGE_BUGREPORT "http://projects.coin-or.org/CoinUtils"
| #define COIN_COINUTILS_VERBOSITY 0
| #define COIN_COINUTILS_CHECKLEVEL 0
| /* end confdefs.h.  */
| extern "C" void std::exit (int) throw (); using std::exit;
| #include <stdlib.h>
| int
| main ()
| {
| exit (42);
|   ;
|   return 0;
| }
configure:3464: g++ -c -g -O2  conftest.cc >&5
configure:3470: $? = 0
configure:3474: test -z 
			 || test ! -s conftest.err
configure:3477: $? = 0
configure:3480: test -s conftest.o
configure:3483: $? = 0
configure:3509: g++ -c -g -O2  conftest.cc >&5
configure:3515: $? = 0
configure:3519: test -z 
			 || test ! -s conftest.err
configure:3522: $? = 0
configure:3525: test -s conftest.o
configure:3528: $? = 0
configure:3560: checking whether C++ compiler g++ works
configure:3578: g++ -c -g -O2  conftest.cc >&5
configure:3584: $? = 0
configure:3588: test -z 
			 || test ! -s conftest.err
configure:3591: $? = 0
configure:3594: test -s conftest.o
configure:3597: $? = 0
configure:3599: result: yes
configure:3959: g++ -o conftest -O3 -fomit-frame-pointer -pipe -DNDEBUG -Wimplicit -Wparentheses -Wreturn-type -Wcast-qual -Wall -Wpointer-arith -Wwrite-strings -Wconversion -Wno-unknown-pragmas     conftest.cc  >&5
configure:3965: $? = 0
configure:3969: test -z 
			 || test ! -s conftest.err
configure:3972: $? = 0
configure:3975: test -s conftest
configure:3978: $? = 0
configure:4045: C++ compiler options are: -O3 -fomit-frame-pointer -pipe -DNDEBUG -Wimplicit -Wparentheses -Wreturn-type -Wcast-qual -Wall -Wpointer-arith -Wwrite-strings -Wconversion -Wno-unknown-pragmas  
configure:4100: Trying to determine Fortran compiler name
configure:4106: checking for xlf_r
configure:4135: result: no
configure:4106: checking for fort77
configure:4135: result: no
configure:4106: checking for gfortran
configure:4135: result: no
configure:4106: checking for f77
configure:4135: result: no
configure:4106: checking for g77
configure:4135: result: no
configure:4106: checking for pgf90
configure:4135: result: no
configure:4106: checking for pgf77
configure:4135: result: no
configure:4106: checking for ifort
configure:4135: result: no
configure:4106: checking for ifc
configure:4135: result: no
configure:4106: checking for frt
configure:4135: result: no
configure:4106: checking for af77
configure:4135: result: no
configure:5781: checking for egrep
configure:5791: result: grep -E
configure:5810: checking for a BSD-compatible install
configure:5865: result: /usr/bin/install -c
configure:5876: checking whether build environment is sane
configure:5919: result: yes
configure:5984: checking for gawk
configure:6010: result: awk
configure:6020: checking whether make sets $(MAKE)
configure:6040: result: yes
configure:6070: checking for style of include used by make
configure:6098: result: GNU
configure:6278: checking dependency style of cc
configure:6368: result: gcc3
configure:6387: checking dependency style of g++
configure:6477: result: gcc3
configure:6495: checking whether to enable maintainer-specific portions of Makefiles
configure:6504: result: no
configure:21886: Using libtool script in directory ..
configure:21972: checking for cmath
configure:21977: result: yes
configure:22301: checking for cfloat
configure:22306: result: yes
configure:22630: checking for cieeefp
configure:22635: result: no
configure:22788: checking for ieeefp.h
configure:22793: result: no
configure:22959: checking for cassert
configure:22964: result: yes
configure:23276: checking whether finite is declared
configure:23360: result: yes
configure:23565: checking whether isnan is declared
configure:23649: result: no
configure:23661: checking whether std::isnan(42.42) is declared
configure:23745: result: yes
configure:24199: checking for cinttypes
configure:24204: result: no
configure:24357: checking for inttypes.h
configure:24362: result: yes
configure:24520: checking for int64_t
configure:24591: result: yes
configure:26071: checking for intptr_t
configure:26142: result: yes
configure:28081: checking for windows.h
configure:28086: result: no
configure:28231: checking for COIN project CoinUtils
configure:28286: result: .
configure:28311: checking if user provides library for Gmpl
configure:28356: result: no
configure:33402: checking which command should be used to link input files
configure:33412: result: ln -s
configure:33690: creating ./config.status

## ---------------------- ##
## Running config.status. ##
## ---------------------- ##

This file was extended by CoinUtils config.status 2.5.0, which was
generated by GNU Autoconf 2.59.  Invocation command line was

  CONFIG_FILES    = 
  CONFIG_HEADERS  = 
  CONFIG_LINKS    = 
  CONFIG_COMMANDS = 
  $ ./config.status 

on maryam-mahdavianis-imac

config.status:784: creating Makefile
config.status:784: creating src/Makefile
config.status:784: creating test/Makefile
config.status:784: creating coinutils_addlibs.txt
config.status:888: creating inc/config_coinutils.h
config.status:1022: inc/config_coinutils.h is unchanged
config.status:1202: executing depfiles commands
configure:35126: Configuration of CoinUtils successful

## ---------------- ##
## Cache variables. ##
## ---------------- ##

ac_cv_build=i386-apple-darwin9.5.2
ac_cv_build_alias=i386-apple-darwin9.5.2
ac_cv_c_compiler_gnu=yes
ac_cv_cxx_compiler_gnu=yes
ac_cv_env_ADD_CFLAGS_set=
ac_cv_env_ADD_CFLAGS_value=
ac_cv_env_ADD_CXXFLAGS_set=
ac_cv_env_ADD_CXXFLAGS_value=
ac_cv_env_ADD_FFLAGS_set=
ac_cv_env_ADD_FFLAGS_value=
ac_cv_env_CC_set=
ac_cv_env_CC_value=
ac_cv_env_CDEFS_set=
ac_cv_env_CDEFS_value=
ac_cv_env_CFLAGS_set=
ac_cv_env_CFLAGS_value=
ac_cv_env_COIN_SKIP_PROJECTS_set=
ac_cv_env_COIN_SKIP_PROJECTS_value=
ac_cv_env_CPPFLAGS_set=
ac_cv_env_CPPFLAGS_value=
ac_cv_env_CPP_set=
ac_cv_env_CPP_value=
ac_cv_env_CXXCPP_set=
ac_cv_env_CXXCPP_value=
ac_cv_env_CXXDEFS_set=
ac_cv_env_CXXDEFS_value=
ac_cv_env_CXXFLAGS_set=
ac_cv_env_CXXFLAGS_value=
ac_cv_env_CXX_set=
ac_cv_env_CXX_value=
ac_cv_env_DBG_CFLAGS_set=
ac_cv_env_DBG_CFLAGS_value=
ac_cv_env_DBG_CXXFLAGS_set=
ac_cv_env_DBG_CXXFLAGS_value=
ac_cv_env_DBG_FFLAGS_set=
ac_cv_env_DBG_FFLAGS_value=
ac_cv_env_F77_set=
ac_cv_env_F77_value=
ac_cv_env_FFLAGS_set=
ac_cv_env_FFLAGS_value=
ac_cv_env_LDFLAGS_set=
ac_cv_env_LDFLAGS_value=
ac_cv_env_MPICC_set=
ac_cv_env_MPICC_value=
ac_cv_env_MPICXX_set=
ac_cv_env_MPICXX_value=
ac_cv_env_MPIF77_set=
ac_cv_env_MPIF77_value=
ac_cv_env_OPT_CFLAGS_set=
ac_cv_env_OPT_CFLAGS_value=
ac_cv_env_OPT_CXXFLAGS_set=
ac_cv_env_OPT_CXXFLAGS_value=
ac_cv_env_OPT_FFLAGS_set=
ac_cv_env_OPT_FFLAGS_value=
ac_cv_env_build_alias_set=
ac_cv_env_build_alias_value=
ac_cv_env_host_alias_set=
ac_cv_env_host_alias_value=
ac_cv_env_target_alias_set=
ac_cv_env_target_alias_value=
ac_cv_exeext=
ac_cv_have_decl_finite=yes
ac_cv_have_decl_isnan=no
ac_cv_have_decl_std__isnan_42_42_=yes
ac_cv_header_cassert=yes
ac_cv_header_cfloat=yes
ac_cv_header_cieeefp=no
ac_cv_header_cinttypes=no
ac_cv_header_cmath=yes
ac_cv_header_dlfcn_h=yes
ac_cv_header_ieeefp_h=no
ac_cv_header_inttypes_h=yes
ac_cv_header_memory_h=yes
ac_cv_header_stdc=yes
ac_cv_header_stdint_h=yes
ac_cv_header_stdlib_h=yes
ac_cv_header_string_h=yes
ac_cv_header_strings_h=yes
ac_cv_header_sys_stat_h=yes
ac_cv_header_sys_types_h=yes
ac_cv_header_unistd_h=yes
ac_cv_header_windows_h=no
ac_cv_host=i386-apple-darwin9.5.2
ac_cv_host_alias=i386-apple-darwin9.5.2
ac_cv_objext=o
ac_cv_path_install='/usr/bin/install -c'
ac_cv_prog_AWK=awk
ac_cv_prog_CPP='cc -E'
ac_cv_prog_CXXCPP='g++ -E'
ac_cv_prog_ac_ct_AR=ar
ac_cv_prog_ac_ct_CC=cc
ac_cv_prog_ac_ct_CXX=g++
ac_cv_prog_ac_ct_RANLIB=ranlib
ac_cv_prog_ac_ct_STRIP=strip
ac_cv_prog_cc_g=yes
ac_cv_prog_cc_stdc=
ac_cv_prog_cxx_g=yes
ac_cv_prog_egrep='grep -E'
ac_cv_prog_make_make_set=yes
ac_cv_type_int64_t=yes
ac_cv_type_intptr_t=yes
am_cv_CC_dependencies_compiler_type=gcc3
am_cv_CXX_dependencies_compiler_type=gcc3
lt_cv_deplibs_check_method=pass_all
lt_cv_file_magic_cmd='$MAGIC_CMD'
lt_cv_file_magic_test_file=
lt_cv_ld_reload_flag=-r
lt_cv_objdir=.libs
lt_cv_path_LD=/usr/libexec/gcc/i686-apple-darwin9/4.0.1/ld
lt_cv_path_LDCXX=/usr/libexec/gcc/i686-apple-darwin9/4.0.1/ld
lt_cv_path_NM='/usr/bin/nm -p'
lt_cv_path_SED=/usr/bin/sed
lt_cv_prog_compiler_c_o=yes
lt_cv_prog_compiler_c_o_CXX=yes
lt_cv_prog_compiler_c_o_F77=no
lt_cv_prog_compiler_rtti_exceptions=no
lt_cv_prog_gnu_ld=no
lt_cv_prog_gnu_ldcxx=no
lt_cv_sys_global_symbol_pipe='sed -n -e '\''s/^.*[ 	]\([BCDEGRST][BCDEGRST]*\)[ 	][ 	]*_\([_A-Za-z][_A-Za-z0-9]*\)$/\1 _\2 \2/p'\'''
lt_cv_sys_global_symbol_to_c_name_address='sed -n -e '\''s/^: \([^ ]*\) $/  {\"\1\", (lt_ptr) 0},/p'\'' -e '\''s/^[BCDEGRST] \([^ ]*\) \([^ ]*\)$/  {"\2", (lt_ptr) \&\2},/p'\'''
lt_cv_sys_global_symbol_to_cdecl='sed -n -e '\''s/^. .* \(.*\)$/extern int \1;/p'\'''
lt_cv_sys_max_cmd_len=196608
lt_lt_cv_prog_compiler_c_o='"yes"'
lt_lt_cv_prog_compiler_c_o_CXX='"yes"'
lt_lt_cv_prog_compiler_c_o_F77='"no"'
lt_lt_cv_sys_global_symbol_pipe='"sed -n -e '\''s/^.*[ 	]\\([BCDEGRST][BCDEGRST]*\\)[ 	][ 	]*_\\([_A-Za-z][_A-Za-z0-9]*\\)\$/\\1 _\\2 \\2/p'\''"'
lt_lt_cv_sys_global_symbol_to_c_name_address='"sed -n -e '\''s/^: \\([^ ]*\\) \$/  {\\\"\\1\\\", (lt_ptr) 0},/p'\'' -e '\''s/^[BCDEGRST] \\([^ ]*\\) \\([^ ]*\\)\$/  {\"\\2\", (lt_ptr) \\&\\2},/p'\''"'
lt_lt_cv_sys_global_symbol_to_cdecl='"sed -n -e '\''s/^. .* \\(.*\\)\$/extern int \\1;/p'\''"'

## ----------------- ##
## Output variables. ##
## ----------------- ##

ACLOCAL='${SHELL} /Optemo/site/lib/c_code/learningCodes/LP/missing --run aclocal-1.9'
ADDLIBS='-lm '
ADD_CFLAGS=''
ADD_CXXFLAGS=''
ADD_FFLAGS=''
ALWAYS_FALSE_FALSE=''
ALWAYS_FALSE_TRUE='#'
AMDEPBACKSLASH='\'
AMDEP_FALSE='#'
AMDEP_TRUE=''
AMTAR='${SHELL} /Optemo/site/lib/c_code/learningCodes/LP/missing --run tar'
AR='ar'
ASLLIB=''
ASL_CPPFLAGS=''
AUTOCONF='${SHELL} /Optemo/site/lib/c_code/learningCodes/LP/missing --run autoconf'
AUTOHEADER='${SHELL} /Optemo/site/lib/c_code/learningCodes/LP/missing --run autoheader'
AUTOMAKE='${SHELL} /Optemo/site/lib/c_code/learningCodes/LP/missing --run automake-1.9'
AUX_DIR=''
AWK='awk'
BUILDTOOLSDIR=''
CC='cc'
CCDEPMODE='depmode=gcc3'
CDEFS=''
CFLAGS='-O3 -fomit-frame-pointer -pipe -DNDEBUG -Wimplicit -Wparentheses -Wsequence-point -Wreturn-type -Wcast-qual -Wall -Wno-unknown-pragmas  '
COINUTILSDOCDIR='/Optemo/site/lib/c_code/learningCodes/LP/lib/../share/doc/coin/CoinUtils'
COINUTILSOBJDIR='/Optemo/site/lib/c_code/learningCodes/LP/CoinUtils/.'
COINUTILSSRCDIR='/Optemo/site/lib/c_code/learningCodes/LP/CoinUtils'
COINUTILS_LIBADD=''
COIN_BUILD_BLAS_FALSE=''
COIN_BUILD_BLAS_TRUE='#'
COIN_BUILD_GLPK_FALSE=''
COIN_BUILD_GLPK_TRUE='#'
COIN_BUILD_LAPACK_FALSE=''
COIN_BUILD_LAPACK_TRUE='#'
COIN_HAS_ASL_FALSE=''
COIN_HAS_ASL_TRUE='#'
COIN_HAS_BLAS_FALSE=''
COIN_HAS_BLAS_TRUE='#'
COIN_HAS_COINUTILS_FALSE='#'
COIN_HAS_COINUTILS_TRUE=''
COIN_HAS_GMPL_FALSE=''
COIN_HAS_GMPL_TRUE='#'
COIN_HAS_LAPACK_FALSE=''
COIN_HAS_LAPACK_TRUE='#'
COIN_HAS_ZLIB_FALSE=''
COIN_HAS_ZLIB_TRUE='#'
CPP='cc -E'
CPPFLAGS=''
CXX='g++'
CXXCPP='g++ -E'
CXXDEFS=''
CXXDEPMODE='depmode=gcc3'
CXXFLAGS='-O3 -fomit-frame-pointer -pipe -DNDEBUG -Wimplicit -Wparentheses -Wreturn-type -Wcast-qual -Wall -Wpointer-arith -Wwrite-strings -Wconversion -Wno-unknown-pragmas  '
CYGPATH_W='echo'
DBG_CFLAGS='-g -pipe -Wimplicit -Wparentheses -Wsequence-point -Wreturn-type -Wcast-qual -Wall -Wno-unknown-pragmas  '
DBG_CXXFLAGS='-g -pipe -Wimplicit -Wparentheses -Wreturn-type -Wcast-qual -Wall -Wpointer-arith -Wwrite-strings -Wconversion -Wno-unknown-pragmas  '
DBG_FFLAGS=''
DEFS='-DHAVE_CONFIG_H'
DEPDIR='.deps'
ECHO='/bin/echo'
ECHO_C='ECHO_N=''
ECHO_T=''
EGREP='grep -E'
EXEEXT=''
F77='unavailable'
FADDLIBS='-lm '
FFLAGS=''
FLIBS=''
GMPLINCDIR=''
GMPLLIB=''
HAVE_EXTERNALS_FALSE=''
HAVE_EXTERNALS_TRUE='#'
INSTALL_DATA='${INSTALL} -m 644'
INSTALL_PROGRAM='${INSTALL}'
INSTALL_SCRIPT='${INSTALL}'
INSTALL_STRIP_PROGRAM='${SHELL} $(install_sh) -c -s'
LDFLAGS=''
LIBEXT='a'
LIBOBJS=''
LIBS=''
LIBTOOL='$(SHELL) $(top_builddir)/../libtool'
LIBTOOLM4=''
LN_S='ln -s'
LTLIBOBJS=''
LT_LDFLAGS=''
MAINT='#'
MAINTAINER_MODE_FALSE=''
MAINTAINER_MODE_TRUE='#'
MAKEINFO='${SHELL} /Optemo/site/lib/c_code/learningCodes/LP/missing --run makeinfo'
MPICC=''
MPICXX=''
MPIF77=''
OBJEXT='o'
OPT_CFLAGS='-O3 -fomit-frame-pointer -pipe -DNDEBUG -Wimplicit -Wparentheses -Wsequence-point -Wreturn-type -Wcast-qual -Wall -Wno-unknown-pragmas  '
OPT_CXXFLAGS='-O3 -fomit-frame-pointer -pipe -DNDEBUG -Wimplicit -Wparentheses -Wreturn-type -Wcast-qual -Wall -Wpointer-arith -Wwrite-strings -Wconversion -Wno-unknown-pragmas  '
OPT_FFLAGS=''
PACKAGE='coinutils'
PACKAGE_BUGREPORT='http://projects.coin-or.org/CoinUtils'
PACKAGE_NAME='CoinUtils'
PACKAGE_STRING='CoinUtils 2.5.0'
PACKAGE_TARNAME='coinutils'
PACKAGE_VERSION='2.5.0'
PATH_SEPARATOR=':'
RANLIB='ranlib'
RPATH_FLAGS=''
SET_MAKE=''
SHELL='/bin/sh'
STRIP='strip'
VERSION='2.5.0'
VPATH_DISTCLEANFILES=''
abs_bin_dir='/Optemo/site/lib/c_code/learningCodes/LP/bin'
abs_include_dir='/Optemo/site/lib/c_code/learningCodes/LP/include'
abs_lib_dir='/Optemo/site/lib/c_code/learningCodes/LP/lib'
abs_source_dir='/Optemo/site/lib/c_code/learningCodes/LP/CoinUtils'
ac_c_preproc_warn_flag=''
ac_ct_AR='ar'
ac_ct_CC='cc'
ac_ct_CXX='g++'
ac_ct_F77=''
ac_ct_RANLIB='ranlib'
ac_ct_STRIP='strip'
ac_cxx_preproc_warn_flag=''
am__fastdepCC_FALSE='#'
am__fastdepCC_TRUE=''
am__fastdepCXX_FALSE='#'
am__fastdepCXX_TRUE=''
am__include='include'
am__leading_dot='.'
am__quote=''
am__tar='${AMTAR} chof - "$$tardir"'
am__untar='${AMTAR} xf -'
bindir='${exec_prefix}/bin'
build='i386-apple-darwin9.5.2'
build_alias=''
build_cpu='i386'
build_os='darwin9.5.2'
build_vendor='apple'
datadir='${prefix}/share'
exec_prefix='${prefix}'
have_autoconf=''
have_automake=''
have_svn=''
host='i386-apple-darwin9.5.2'
host_alias=''
host_cpu='i386'
host_os='darwin9.5.2'
host_vendor='apple'
includedir='${prefix}/include'
infodir='${prefix}/info'
install_sh='/Optemo/site/lib/c_code/learningCodes/LP/install-sh'
libdir='${exec_prefix}/lib'
libexecdir='${exec_prefix}/libexec'
localstatedir='${prefix}/var'
mandir='${prefix}/man'
mkdir_p='$(install_sh) -d'
oldincludedir='/usr/include'
prefix='/Optemo/site/lib/c_code/learningCodes/LP'
program_transform_name='s,x,x,'
sbindir='${exec_prefix}/sbin'
sharedstatedir='${prefix}/com'
sol_cc_compiler=''
sysconfdir='${prefix}/etc'
target_alias=''

## ----------- ##
## confdefs.h. ##
## ----------- ##

#define COINUTILS_MEMPOOL_MAXPOOLED -1
#define COIN_COINUTILS_CHECKLEVEL 0
#define COIN_COINUTILS_VERBOSITY 0
#define COIN_HAS_COINUTILS 1
#define COIN_INT64_T int64_t
#define COIN_INTPTR_T intptr_t
#define COIN_UINT64_T int64_t
#define HAVE_CASSERT 1
#define HAVE_CFLOAT 1
#define HAVE_CMATH 1
#define HAVE_DLFCN_H 1
#define HAVE_INTTYPES_H 1
#define HAVE_INTTYPES_H 1
#define HAVE_MEMORY_H 1
#define HAVE_STDINT_H 1
#define HAVE_STDLIB_H 1
#define HAVE_STRINGS_H 1
#define HAVE_STRING_H 1
#define HAVE_SYS_STAT_H 1
#define HAVE_SYS_TYPES_H 1
#define HAVE_UNISTD_H 1
#define MY_C_FINITE finite
#define MY_C_ISNAN std::isnan
#define PACKAGE "coinutils"
#define PACKAGE_BUGREPORT "http://projects.coin-or.org/CoinUtils"
#define PACKAGE_NAME "CoinUtils"
#define PACKAGE_STRING "CoinUtils 2.5.0"
#define PACKAGE_TARNAME "coinutils"
#define PACKAGE_VERSION "2.5.0"
#define STDC_HEADERS 1
#define VERSION "2.5.0"
#endif
#ifdef __cplusplus
extern "C" void std::exit (int); using std::exit;

configure: exit 0
