This file contains any messages produced by compilers while
running configure, to aid debugging if configure makes a mistake.

It was created by Clp configure 1.10stable, which was
generated by GNU Autoconf 2.59.  Invocation command line was

  $ ./configure 

## --------- ##
## Platform. ##
## --------- ##

hostname = zevtor
uname -m = i386
uname -r = 10.3.0
uname -s = Darwin
uname -v = Darwin Kernel Version 10.3.0: Fri Feb 26 11:58:09 PST 2010; root:xnu-1504.3.12~1/RELEASE_I386

/usr/bin/uname -p = i386
/bin/uname -X     = unknown

/bin/arch              = unknown
/usr/bin/arch -k       = unknown
/usr/convex/getsysinfo = unknown
hostinfo               = Mach kernel version:
	 Darwin Kernel Version 10.3.0: Fri Feb 26 11:58:09 PST 2010; root:xnu-1504.3.12~1/RELEASE_I386
Kernel configured for up to 2 processors.
2 processors are physically available.
2 processors are logically available.
Processor type: i486 (Intel 80486)
Processors active: 0 1
Primary memory available: 4.00 gigabytes
Default processor set: 89 tasks, 360 threads, 2 processors
Load average: 0.16, Mach factor: 1.83
/bin/machine           = unknown
/usr/bin/oslevel       = unknown
/bin/universe          = unknown

PATH: /usr/local/bin
PATH: /usr/local/sbin
PATH: /usr/local/mysql/bin
PATH: /opt/local/bin
PATH: /opt/local/sbin
PATH: /usr/local/bin
PATH: /usr/local/sbin
PATH: /usr/local/mysql/bin
PATH: /opt/local/bin
PATH: /opt/local/sbin
PATH: /usr/bin
PATH: /bin
PATH: /usr/sbin
PATH: /sbin
PATH: /usr/local/bin
PATH: /usr/local/git/bin
PATH: /usr/X11/bin


## ----------- ##
## Core tests. ##
## ----------- ##

configure:1669: checking build system type
configure:1687: result: i386-apple-darwin10.3.0
configure:1698: checking whether we want to compile in debug mode
configure:1727: result: no
configure:1950: checking for xlc_r
configure:1979: result: no
configure:1950: checking for xlc
configure:1979: result: no
configure:1950: checking for cc
configure:1966: found /usr/bin/cc
configure:1976: result: cc
configure:1997: checking for C compiler version
configure:2000: cc --version </dev/null >&5
i686-apple-darwin10-gcc-4.2.1 (GCC) 4.2.1 (Apple Inc. build 5659)
Copyright (C) 2007 Free Software Foundation, Inc.
This is free software; see the source for copying conditions.  There is NO
warranty; not even for MERCHANTABILITY or FITNESS FOR A PARTICULAR PURPOSE.

configure:2003: $? = 0
configure:2005: cc -v </dev/null >&5
Using built-in specs.
Target: i686-apple-darwin10
Configured with: /var/tmp/gcc/gcc-5659~1/src/configure --disable-checking --enable-werror --prefix=/usr --mandir=/share/man --enable-languages=c,objc,c++,obj-c++ --program-transform-name=/^[cg][^.-]*$/s/$/-4.2/ --with-slibdir=/usr/lib --build=i686-apple-darwin10 --program-prefix=i686-apple-darwin10- --host=x86_64-apple-darwin10 --target=i686-apple-darwin10 --with-gxx-include-dir=/include/c++/4.2.1
Thread model: posix
gcc version 4.2.1 (Apple Inc. build 5659)
configure:2008: $? = 0
configure:2010: cc -V </dev/null >&5
gcc-4.2: argument to `-V' is missing
configure:2013: $? = 1
configure:2036: checking for C compiler default output file name
configure:2039: cc    conftest.c  >&5
configure:2042: $? = 0
configure:2088: result: a.out
configure:2093: checking whether the C compiler works
configure:2099: ./a.out
configure:2102: $? = 0
configure:2119: result: yes
configure:2126: checking whether we are cross compiling
configure:2128: result: no
configure:2131: checking for suffix of executables
configure:2133: cc -o conftest    conftest.c  >&5
configure:2136: $? = 0
configure:2161: result: 
configure:2167: checking for suffix of object files
configure:2188: cc -c   conftest.c >&5
configure:2191: $? = 0
configure:2213: result: o
configure:2217: checking whether we are using the GNU C compiler
configure:2241: cc -c   conftest.c >&5
configure:2247: $? = 0
configure:2251: test -z 
			 || test ! -s conftest.err
configure:2254: $? = 0
configure:2257: test -s conftest.o
configure:2260: $? = 0
configure:2273: result: yes
configure:2279: checking whether cc accepts -g
configure:2300: cc -c -g  conftest.c >&5
configure:2306: $? = 0
configure:2310: test -z 
			 || test ! -s conftest.err
configure:2313: $? = 0
configure:2316: test -s conftest.o
configure:2319: $? = 0
configure:2330: result: yes
configure:2347: checking for cc option to accept ANSI C
configure:2417: cc  -c -g -O2  conftest.c >&5
configure:2423: $? = 0
configure:2427: test -z 
			 || test ! -s conftest.err
configure:2430: $? = 0
configure:2433: test -s conftest.o
configure:2436: $? = 0
configure:2454: result: none needed
configure:2472: cc -c -g -O2  conftest.c >&5
conftest.c:2: error: expected '=', ',', ';', 'asm' or '__attribute__' before 'me'
configure:2478: $? = 1
configure: failed program was:
| #ifndef __cplusplus
|   choke me
| #endif
configure:2933: cc -o conftest -O3 -fomit-frame-pointer -pipe -DNDEBUG -Wimplicit -Wparentheses -Wsequence-point -Wreturn-type -Wcast-qual -Wall -Wno-unknown-pragmas     conftest.c  >&5
configure:2939: $? = 0
configure:2943: test -z 
			 || test ! -s conftest.err
configure:2946: $? = 0
configure:2949: test -s conftest
configure:2952: $? = 0
configure:3019: C compiler options are: -O3 -fomit-frame-pointer -pipe -DNDEBUG -Wimplicit -Wparentheses -Wsequence-point -Wreturn-type -Wcast-qual -Wall -Wno-unknown-pragmas  
configure:3148: checking for g++
configure:3164: found /usr/bin/g++
configure:3174: result: g++
configure:3190: checking for C++ compiler version
configure:3193: g++ --version </dev/null >&5
i686-apple-darwin10-g++-4.2.1 (GCC) 4.2.1 (Apple Inc. build 5659)
Copyright (C) 2007 Free Software Foundation, Inc.
This is free software; see the source for copying conditions.  There is NO
warranty; not even for MERCHANTABILITY or FITNESS FOR A PARTICULAR PURPOSE.

configure:3196: $? = 0
configure:3198: g++ -v </dev/null >&5
Using built-in specs.
Target: i686-apple-darwin10
Configured with: /var/tmp/gcc/gcc-5659~1/src/configure --disable-checking --enable-werror --prefix=/usr --mandir=/share/man --enable-languages=c,objc,c++,obj-c++ --program-transform-name=/^[cg][^.-]*$/s/$/-4.2/ --with-slibdir=/usr/lib --build=i686-apple-darwin10 --program-prefix=i686-apple-darwin10- --host=x86_64-apple-darwin10 --target=i686-apple-darwin10 --with-gxx-include-dir=/include/c++/4.2.1
Thread model: posix
gcc version 4.2.1 (Apple Inc. build 5659)
configure:3201: $? = 0
configure:3203: g++ -V </dev/null >&5
g++-4.2: argument to `-V' is missing
configure:3206: $? = 1
configure:3209: checking whether we are using the GNU C++ compiler
configure:3233: g++ -c   conftest.cc >&5
configure:3239: $? = 0
configure:3243: test -z 
			 || test ! -s conftest.err
configure:3246: $? = 0
configure:3249: test -s conftest.o
configure:3252: $? = 0
configure:3265: result: yes
configure:3271: checking whether g++ accepts -g
configure:3292: g++ -c -g  conftest.cc >&5
configure:3298: $? = 0
configure:3302: test -z 
			 || test ! -s conftest.err
configure:3305: $? = 0
configure:3308: test -s conftest.o
configure:3311: $? = 0
configure:3322: result: yes
configure:3364: g++ -c -g -O2  conftest.cc >&5
configure:3370: $? = 0
configure:3374: test -z 
			 || test ! -s conftest.err
configure:3377: $? = 0
configure:3380: test -s conftest.o
configure:3383: $? = 0
configure:3409: g++ -c -g -O2  conftest.cc >&5
conftest.cc: In function 'int main()':
conftest.cc:13: error: 'exit' was not declared in this scope
configure:3415: $? = 1
configure: failed program was:
| /* confdefs.h.  */
| 
| #define PACKAGE_NAME "Clp"
| #define PACKAGE_TARNAME "clp"
| #define PACKAGE_VERSION "1.10stable"
| #define PACKAGE_STRING "Clp 1.10stable"
| #define PACKAGE_BUGREPORT "coin-clp@lists.coin-or.org"
| /* end confdefs.h.  */
| 
| int
| main ()
| {
| exit (42);
|   ;
|   return 0;
| }
configure:3364: g++ -c -g -O2  conftest.cc >&5
conftest.cc:9: error: 'void std::exit(int)' should have been declared inside 'std'
In file included from conftest.cc:10:
/usr/include/stdlib.h:159: error: declaration of 'void std::exit(int)' throws different exceptions
conftest.cc:9: error: from previous declaration 'void std::exit(int) throw ()'
configure:3370: $? = 1
configure: failed program was:
| /* confdefs.h.  */
| 
| #define PACKAGE_NAME "Clp"
| #define PACKAGE_TARNAME "clp"
| #define PACKAGE_VERSION "1.10stable"
| #define PACKAGE_STRING "Clp 1.10stable"
| #define PACKAGE_BUGREPORT "coin-clp@lists.coin-or.org"
| /* end confdefs.h.  */
| extern "C" void std::exit (int) throw (); using std::exit;
| #include <stdlib.h>
| int
| main ()
| {
| exit (42);
|   ;
|   return 0;
| }
configure:3364: g++ -c -g -O2  conftest.cc >&5
conftest.cc:9: error: 'void std::exit(int)' should have been declared inside 'std'
configure:3370: $? = 1
configure: failed program was:
| /* confdefs.h.  */
| 
| #define PACKAGE_NAME "Clp"
| #define PACKAGE_TARNAME "clp"
| #define PACKAGE_VERSION "1.10stable"
| #define PACKAGE_STRING "Clp 1.10stable"
| #define PACKAGE_BUGREPORT "coin-clp@lists.coin-or.org"
| /* end confdefs.h.  */
| extern "C" void std::exit (int); using std::exit;
| #include <stdlib.h>
| int
| main ()
| {
| exit (42);
|   ;
|   return 0;
| }
configure:3364: g++ -c -g -O2  conftest.cc >&5
In file included from conftest.cc:10:
/usr/include/stdlib.h:159: error: declaration of 'void exit(int)' throws different exceptions
conftest.cc:9: error: from previous declaration 'void exit(int) throw ()'
configure:3370: $? = 1
configure: failed program was:
| /* confdefs.h.  */
| 
| #define PACKAGE_NAME "Clp"
| #define PACKAGE_TARNAME "clp"
| #define PACKAGE_VERSION "1.10stable"
| #define PACKAGE_STRING "Clp 1.10stable"
| #define PACKAGE_BUGREPORT "coin-clp@lists.coin-or.org"
| /* end confdefs.h.  */
| extern "C" void exit (int) throw ();
| #include <stdlib.h>
| int
| main ()
| {
| exit (42);
|   ;
|   return 0;
| }
configure:3364: g++ -c -g -O2  conftest.cc >&5
configure:3370: $? = 0
configure:3374: test -z 
			 || test ! -s conftest.err
configure:3377: $? = 0
configure:3380: test -s conftest.o
configure:3383: $? = 0
configure:3409: g++ -c -g -O2  conftest.cc >&5
configure:3415: $? = 0
configure:3419: test -z 
			 || test ! -s conftest.err
configure:3422: $? = 0
configure:3425: test -s conftest.o
configure:3428: $? = 0
configure:3460: checking whether C++ compiler g++ works
configure:3478: g++ -c -g -O2  conftest.cc >&5
configure:3484: $? = 0
configure:3488: test -z 
			 || test ! -s conftest.err
configure:3491: $? = 0
configure:3494: test -s conftest.o
configure:3497: $? = 0
configure:3499: result: yes
configure:3859: g++ -o conftest -O3 -fomit-frame-pointer -pipe -DNDEBUG -Wimplicit -Wparentheses -Wreturn-type -Wcast-qual -Wall -Wpointer-arith -Wwrite-strings -Wconversion -Wno-unknown-pragmas     conftest.cc  >&5
configure:3865: $? = 0
configure:3869: test -z 
			 || test ! -s conftest.err
configure:3872: $? = 0
configure:3875: test -s conftest
configure:3878: $? = 0
configure:3945: C++ compiler options are: -O3 -fomit-frame-pointer -pipe -DNDEBUG -Wimplicit -Wparentheses -Wreturn-type -Wcast-qual -Wall -Wpointer-arith -Wwrite-strings -Wconversion -Wno-unknown-pragmas  
configure:4027: Trying to determine Fortran compiler name
configure:4033: checking for xlf_r
configure:4062: result: no
configure:4033: checking for fort77
configure:4062: result: no
configure:4033: checking for gfortran
configure:4062: result: no
configure:4033: checking for f77
configure:4062: result: no
configure:4033: checking for g77
configure:4062: result: no
configure:4033: checking for pgf90
configure:4062: result: no
configure:4033: checking for pgf77
configure:4062: result: no
configure:4033: checking for ifort
configure:4062: result: no
configure:4033: checking for ifc
configure:4062: result: no
configure:4033: checking for frt
configure:4062: result: no
configure:4033: checking for af77
configure:4062: result: no
configure:4308: WARNING: Failed to find a Fortran compiler!
configure:4642: Fortran compiler options are:  
configure:4755: checking for egrep
configure:4765: result: grep -E
configure:4784: checking for a BSD-compatible install
configure:4839: result: /usr/bin/install -c
configure:4850: checking whether build environment is sane
configure:4893: result: yes
configure:4958: checking for gawk
configure:4974: found /opt/local/bin/gawk
configure:4984: result: gawk
configure:4994: checking whether make sets $(MAKE)
configure:5014: result: yes
configure:5044: checking for style of include used by make
configure:5072: result: GNU
configure:5252: checking dependency style of cc
configure:5342: result: gcc3
configure:5361: checking dependency style of g++
configure:5451: result: gcc3
configure:5469: checking whether to enable maintainer-specific portions of Makefiles
configure:5478: result: no
configure:5923: checking host system type
configure:5937: result: i386-apple-darwin10.3.0
configure:5945: checking for a sed that does not truncate output
configure:5999: result: /opt/local/bin/gsed
configure:6013: checking for ld used by cc
configure:6080: result: /usr/libexec/gcc/i686-apple-darwin10/4.2.1/ld
configure:6089: checking if the linker (/usr/libexec/gcc/i686-apple-darwin10/4.2.1/ld) is GNU ld
configure:6104: result: no
configure:6109: checking for /usr/libexec/gcc/i686-apple-darwin10/4.2.1/ld option to reload object files
configure:6116: result: -r
configure:6134: checking for BSD-compatible nm
configure:6183: result: /usr/bin/nm
configure:6187: checking whether ln -s works
configure:6191: result: yes
configure:6198: checking how to recognise dependent libraries
configure:6374: result: pass_all
configure:6610: checking how to run the C preprocessor
configure:6645: cc -E  conftest.c
configure:6651: $? = 0
configure:6683: cc -E  conftest.c
conftest.c:14:28: error: ac_nonexistent.h: No such file or directory
configure:6689: $? = 1
configure: failed program was:
| /* confdefs.h.  */
| 
| #define PACKAGE_NAME "Clp"
| #define PACKAGE_TARNAME "clp"
| #define PACKAGE_VERSION "1.10stable"
| #define PACKAGE_STRING "Clp 1.10stable"
| #define PACKAGE_BUGREPORT "coin-clp@lists.coin-or.org"
| #ifdef __cplusplus
| extern "C" void exit (int);
| #endif
| #define PACKAGE "clp"
| #define VERSION "1.10stable"
| /* end confdefs.h.  */
| #include <ac_nonexistent.h>
configure:6728: result: cc -E
configure:6752: cc -E  conftest.c
configure:6758: $? = 0
configure:6790: cc -E  conftest.c
conftest.c:14:28: error: ac_nonexistent.h: No such file or directory
configure:6796: $? = 1
configure: failed program was:
| /* confdefs.h.  */
| 
| #define PACKAGE_NAME "Clp"
| #define PACKAGE_TARNAME "clp"
| #define PACKAGE_VERSION "1.10stable"
| #define PACKAGE_STRING "Clp 1.10stable"
| #define PACKAGE_BUGREPORT "coin-clp@lists.coin-or.org"
| #ifdef __cplusplus
| extern "C" void exit (int);
| #endif
| #define PACKAGE "clp"
| #define VERSION "1.10stable"
| /* end confdefs.h.  */
| #include <ac_nonexistent.h>
configure:6840: checking for ANSI C header files
configure:6865: cc -c -O3 -fomit-frame-pointer -pipe -DNDEBUG -Wimplicit -Wparentheses -Wsequence-point -Wreturn-type -Wcast-qual -Wall -Wno-unknown-pragmas    conftest.c >&5
configure:6871: $? = 0
configure:6875: test -z 
			 || test ! -s conftest.err
configure:6878: $? = 0
configure:6881: test -s conftest.o
configure:6884: $? = 0
configure:6973: cc -o conftest -O3 -fomit-frame-pointer -pipe -DNDEBUG -Wimplicit -Wparentheses -Wsequence-point -Wreturn-type -Wcast-qual -Wall -Wno-unknown-pragmas     conftest.c  >&5
conftest.c: In function 'main':
conftest.c:31: warning: implicit declaration of function 'exit'
conftest.c:31: warning: incompatible implicit declaration of built-in function 'exit'
configure:6976: $? = 0
configure:6978: ./conftest
configure:6981: $? = 0
configure:6996: result: yes
configure:7020: checking for sys/types.h
configure:7036: cc -c -O3 -fomit-frame-pointer -pipe -DNDEBUG -Wimplicit -Wparentheses -Wsequence-point -Wreturn-type -Wcast-qual -Wall -Wno-unknown-pragmas    conftest.c >&5
configure:7042: $? = 0
configure:7046: test -z 
			 || test ! -s conftest.err
configure:7049: $? = 0
configure:7052: test -s conftest.o
configure:7055: $? = 0
configure:7066: result: yes
configure:7020: checking for sys/stat.h
configure:7036: cc -c -O3 -fomit-frame-pointer -pipe -DNDEBUG -Wimplicit -Wparentheses -Wsequence-point -Wreturn-type -Wcast-qual -Wall -Wno-unknown-pragmas    conftest.c >&5
configure:7042: $? = 0
configure:7046: test -z 
			 || test ! -s conftest.err
configure:7049: $? = 0
configure:7052: test -s conftest.o
configure:7055: $? = 0
configure:7066: result: yes
configure:7020: checking for stdlib.h
configure:7036: cc -c -O3 -fomit-frame-pointer -pipe -DNDEBUG -Wimplicit -Wparentheses -Wsequence-point -Wreturn-type -Wcast-qual -Wall -Wno-unknown-pragmas    conftest.c >&5
configure:7042: $? = 0
configure:7046: test -z 
			 || test ! -s conftest.err
configure:7049: $? = 0
configure:7052: test -s conftest.o
configure:7055: $? = 0
configure:7066: result: yes
configure:7020: checking for string.h
configure:7036: cc -c -O3 -fomit-frame-pointer -pipe -DNDEBUG -Wimplicit -Wparentheses -Wsequence-point -Wreturn-type -Wcast-qual -Wall -Wno-unknown-pragmas    conftest.c >&5
configure:7042: $? = 0
configure:7046: test -z 
			 || test ! -s conftest.err
configure:7049: $? = 0
configure:7052: test -s conftest.o
configure:7055: $? = 0
configure:7066: result: yes
configure:7020: checking for memory.h
configure:7036: cc -c -O3 -fomit-frame-pointer -pipe -DNDEBUG -Wimplicit -Wparentheses -Wsequence-point -Wreturn-type -Wcast-qual -Wall -Wno-unknown-pragmas    conftest.c >&5
configure:7042: $? = 0
configure:7046: test -z 
			 || test ! -s conftest.err
configure:7049: $? = 0
configure:7052: test -s conftest.o
configure:7055: $? = 0
configure:7066: result: yes
configure:7020: checking for strings.h
configure:7036: cc -c -O3 -fomit-frame-pointer -pipe -DNDEBUG -Wimplicit -Wparentheses -Wsequence-point -Wreturn-type -Wcast-qual -Wall -Wno-unknown-pragmas    conftest.c >&5
configure:7042: $? = 0
configure:7046: test -z 
			 || test ! -s conftest.err
configure:7049: $? = 0
configure:7052: test -s conftest.o
configure:7055: $? = 0
configure:7066: result: yes
configure:7020: checking for inttypes.h
configure:7036: cc -c -O3 -fomit-frame-pointer -pipe -DNDEBUG -Wimplicit -Wparentheses -Wsequence-point -Wreturn-type -Wcast-qual -Wall -Wno-unknown-pragmas    conftest.c >&5
configure:7042: $? = 0
configure:7046: test -z 
			 || test ! -s conftest.err
configure:7049: $? = 0
configure:7052: test -s conftest.o
configure:7055: $? = 0
configure:7066: result: yes
configure:7020: checking for stdint.h
configure:7036: cc -c -O3 -fomit-frame-pointer -pipe -DNDEBUG -Wimplicit -Wparentheses -Wsequence-point -Wreturn-type -Wcast-qual -Wall -Wno-unknown-pragmas    conftest.c >&5
configure:7042: $? = 0
configure:7046: test -z 
			 || test ! -s conftest.err
configure:7049: $? = 0
configure:7052: test -s conftest.o
configure:7055: $? = 0
configure:7066: result: yes
configure:7020: checking for unistd.h
configure:7036: cc -c -O3 -fomit-frame-pointer -pipe -DNDEBUG -Wimplicit -Wparentheses -Wsequence-point -Wreturn-type -Wcast-qual -Wall -Wno-unknown-pragmas    conftest.c >&5
configure:7042: $? = 0
configure:7046: test -z 
			 || test ! -s conftest.err
configure:7049: $? = 0
configure:7052: test -s conftest.o
configure:7055: $? = 0
configure:7066: result: yes
configure:7092: checking dlfcn.h usability
configure:7104: cc -c -O3 -fomit-frame-pointer -pipe -DNDEBUG -Wimplicit -Wparentheses -Wsequence-point -Wreturn-type -Wcast-qual -Wall -Wno-unknown-pragmas    conftest.c >&5
configure:7110: $? = 0
configure:7114: test -z 
			 || test ! -s conftest.err
configure:7117: $? = 0
configure:7120: test -s conftest.o
configure:7123: $? = 0
configure:7133: result: yes
configure:7137: checking dlfcn.h presence
configure:7147: cc -E  conftest.c
configure:7153: $? = 0
configure:7173: result: yes
configure:7208: checking for dlfcn.h
configure:7215: result: yes
configure:7238: checking how to run the C++ preprocessor
configure:7269: g++ -E  conftest.cc
configure:7275: $? = 0
configure:7307: g++ -E  conftest.cc
conftest.cc:25:28: error: ac_nonexistent.h: No such file or directory
configure:7313: $? = 1
configure: failed program was:
| /* confdefs.h.  */
| 
| #define PACKAGE_NAME "Clp"
| #define PACKAGE_TARNAME "clp"
| #define PACKAGE_VERSION "1.10stable"
| #define PACKAGE_STRING "Clp 1.10stable"
| #define PACKAGE_BUGREPORT "coin-clp@lists.coin-or.org"
| #ifdef __cplusplus
| extern "C" void exit (int);
| #endif
| #define PACKAGE "clp"
| #define VERSION "1.10stable"
| #define STDC_HEADERS 1
| #define HAVE_SYS_TYPES_H 1
| #define HAVE_SYS_STAT_H 1
| #define HAVE_STDLIB_H 1
| #define HAVE_STRING_H 1
| #define HAVE_MEMORY_H 1
| #define HAVE_STRINGS_H 1
| #define HAVE_INTTYPES_H 1
| #define HAVE_STDINT_H 1
| #define HAVE_UNISTD_H 1
| #define HAVE_DLFCN_H 1
| /* end confdefs.h.  */
| #include <ac_nonexistent.h>
configure:7352: result: g++ -E
configure:7376: g++ -E  conftest.cc
configure:7382: $? = 0
configure:7414: g++ -E  conftest.cc
conftest.cc:25:28: error: ac_nonexistent.h: No such file or directory
configure:7420: $? = 1
configure: failed program was:
| /* confdefs.h.  */
| 
| #define PACKAGE_NAME "Clp"
| #define PACKAGE_TARNAME "clp"
| #define PACKAGE_VERSION "1.10stable"
| #define PACKAGE_STRING "Clp 1.10stable"
| #define PACKAGE_BUGREPORT "coin-clp@lists.coin-or.org"
| #ifdef __cplusplus
| extern "C" void exit (int);
| #endif
| #define PACKAGE "clp"
| #define VERSION "1.10stable"
| #define STDC_HEADERS 1
| #define HAVE_SYS_TYPES_H 1
| #define HAVE_SYS_STAT_H 1
| #define HAVE_STDLIB_H 1
| #define HAVE_STRING_H 1
| #define HAVE_MEMORY_H 1
| #define HAVE_STRINGS_H 1
| #define HAVE_INTTYPES_H 1
| #define HAVE_STDINT_H 1
| #define HAVE_UNISTD_H 1
| #define HAVE_DLFCN_H 1
| /* end confdefs.h.  */
| #include <ac_nonexistent.h>
configure:7469: checking the maximum length of command line arguments
configure:7578: result: 196608
configure:7589: checking command to parse /usr/bin/nm output from cc object
configure:7694: g++ -c -O3 -fomit-frame-pointer -pipe -DNDEBUG -Wimplicit -Wparentheses -Wreturn-type -Wcast-qual -Wall -Wpointer-arith -Wwrite-strings -Wconversion -Wno-unknown-pragmas    conftest.cc >&5
configure:7697: $? = 0
configure:7701: /usr/bin/nm conftest.o \| sed -n -e 's/^.*[ 	]\([BCDEGRST][BCDEGRST]*\)[ 	][ 	]*\([_A-Za-z][_A-Za-z0-9]*\)$/\1 \2 \2/p' \> conftest.nm
configure:7704: $? = 0
cannot find nm_test_var in conftest.nm
configure:7694: g++ -c -O3 -fomit-frame-pointer -pipe -DNDEBUG -Wimplicit -Wparentheses -Wreturn-type -Wcast-qual -Wall -Wpointer-arith -Wwrite-strings -Wconversion -Wno-unknown-pragmas    conftest.cc >&5
configure:7697: $? = 0
configure:7701: /usr/bin/nm conftest.o \| sed -n -e 's/^.*[ 	]\([BCDEGRST][BCDEGRST]*\)[ 	][ 	]*_\([_A-Za-z][_A-Za-z0-9]*\)$/\1 _\2 \2/p' \> conftest.nm
configure:7704: $? = 0
configure:7756: g++ -o conftest -O3 -fomit-frame-pointer -pipe -DNDEBUG -Wimplicit -Wparentheses -Wreturn-type -Wcast-qual -Wall -Wpointer-arith -Wwrite-strings -Wconversion -Wno-unknown-pragmas     conftest.cc conftstm.o >&5
configure:7759: $? = 0
configure:7797: result: ok
configure:7801: checking for objdir
configure:7816: result: .libs
configure:7906: checking for ar
configure:7922: found /usr/bin/ar
configure:7933: result: ar
configure:7986: checking for ranlib
configure:8002: found /usr/bin/ranlib
configure:8013: result: ranlib
configure:8066: checking for strip
configure:8082: found /usr/bin/strip
configure:8093: result: strip
configure:8369: checking if cc supports -fno-rtti -fno-exceptions
configure:8387: cc -c -O3 -fomit-frame-pointer -pipe -DNDEBUG -Wimplicit -Wparentheses -Wsequence-point -Wreturn-type -Wcast-qual -Wall -Wno-unknown-pragmas    -fno-rtti -fno-exceptions conftest.c >&5
cc1: warning: command line option "-fno-rtti" is valid for C++/ObjC++ but not for C
configure:8391: $? = 0
configure:8404: result: no
configure:8419: checking for cc option to produce PIC
configure:8629: result: -fno-common
configure:8637: checking if cc PIC flag -fno-common works
configure:8655: cc -c -O3 -fomit-frame-pointer -pipe -DNDEBUG -Wimplicit -Wparentheses -Wsequence-point -Wreturn-type -Wcast-qual -Wall -Wno-unknown-pragmas    -fno-common -DPIC conftest.c >&5
configure:8659: $? = 0
configure:8672: result: yes
configure:8700: checking if cc static flag -static works
configure:8728: result: no
configure:8738: checking if cc supports -c -o file.o
configure:8759: cc -c -O3 -fomit-frame-pointer -pipe -DNDEBUG -Wimplicit -Wparentheses -Wsequence-point -Wreturn-type -Wcast-qual -Wall -Wno-unknown-pragmas    -o out/conftest2.o conftest.c >&5
configure:8763: $? = 0
configure:8785: result: yes
configure:8811: checking whether the cc linker (/usr/libexec/gcc/i686-apple-darwin10/4.2.1/ld) supports shared libraries
configure:9769: result: yes
configure:9836: checking dynamic linker characteristics
configure:10424: result: darwin10.3.0 dyld
configure:10433: checking how to hardcode library paths into programs
configure:10458: result: immediate
configure:10472: checking whether stripping libraries is possible
configure:10485: result: yes
configure:11311: checking if libtool supports shared libraries
configure:11313: result: yes
configure:11316: checking whether to build shared libraries
configure:11337: result: yes
configure:11340: checking whether to build static libraries
configure:11344: result: no
configure:11436: creating libtool
configure:12024: checking for ld used by g++
configure:12091: result: /usr/libexec/gcc/i686-apple-darwin10/4.2.1/ld
configure:12100: checking if the linker (/usr/libexec/gcc/i686-apple-darwin10/4.2.1/ld) is GNU ld
configure:12115: result: no
configure:12166: checking whether the g++ linker (/usr/libexec/gcc/i686-apple-darwin10/4.2.1/ld) supports shared libraries
configure:13104: result: yes
configure:13126: g++ -c -O3 -fomit-frame-pointer -pipe -DNDEBUG -Wimplicit -Wparentheses -Wreturn-type -Wcast-qual -Wall -Wpointer-arith -Wwrite-strings -Wconversion -Wno-unknown-pragmas    conftest.cpp >&5
configure:13129: $? = 0
configure:13248: checking for g++ option to produce PIC
configure:13522: result: -fno-common
configure:13530: checking if g++ PIC flag -fno-common works
configure:13548: g++ -c -O3 -fomit-frame-pointer -pipe -DNDEBUG -Wimplicit -Wparentheses -Wreturn-type -Wcast-qual -Wall -Wpointer-arith -Wwrite-strings -Wconversion -Wno-unknown-pragmas    -fno-common -DPIC conftest.cpp >&5
configure:13552: $? = 0
configure:13565: result: yes
configure:13593: checking if g++ static flag -static works
configure:13621: result: no
configure:13631: checking if g++ supports -c -o file.o
configure:13652: g++ -c -O3 -fomit-frame-pointer -pipe -DNDEBUG -Wimplicit -Wparentheses -Wreturn-type -Wcast-qual -Wall -Wpointer-arith -Wwrite-strings -Wconversion -Wno-unknown-pragmas    -o out/conftest2.o conftest.cpp >&5
configure:13656: $? = 0
configure:13678: result: yes
configure:13704: checking whether the g++ linker (/usr/libexec/gcc/i686-apple-darwin10/4.2.1/ld) supports shared libraries
configure:13729: result: yes
configure:13796: checking dynamic linker characteristics
configure:14384: result: darwin10.3.0 dyld
configure:14393: checking how to hardcode library paths into programs
configure:14418: result: immediate
configure:14944: checking if libtool supports shared libraries
configure:14946: result: yes
configure:14949: checking whether to build shared libraries
configure:14969: result: yes
configure:14972: checking whether to build static libraries
configure:14976: result: no
configure:14986: checking for unavailable option to produce PIC
configure:15196: result: -fno-common
configure:15204: checking if unavailable PIC flag -fno-common works
configure:15222: unavailable -c   -fno-common conftest.f >&5
./configure: line 15223: unavailable: command not found
configure:15226: $? = 127
configure:15239: result: no
configure:15267: checking if unavailable static flag -static works
configure:15295: result: no
configure:15305: checking if unavailable supports -c -o file.o
configure:15326: unavailable -c   -o out/conftest2.o conftest.f >&5
./configure: line 15327: unavailable: command not found
configure:15330: $? = 127
configure:15352: result: no
configure:15378: checking whether the unavailable linker (/usr/libexec/gcc/i686-apple-darwin10/4.2.1/ld) supports shared libraries
configure:16316: result: yes
configure:16383: checking dynamic linker characteristics
configure:16971: result: darwin10.3.0 dyld
configure:16980: checking how to hardcode library paths into programs
configure:17005: result: immediate
configure:20591: Build is "i386-apple-darwin10.3.0".
configure:20678: Applying patches to libtool for Darwin
configure:20800: checking whether code for third party package Blas is available
configure:20829: result: no
configure:20834: checking whether code for third party package Lapack is available
configure:20863: result: no
configure:20875: checking whether directory CoinUtils is available
configure:20897: result: no
configure:20913: checking whether directory Data/Sample is available
configure:20935: result: no
configure:20951: checking whether directory Clp is available
configure:20973: result: no
configure:21002: checking which command should be used to link input files
configure:21012: result: ln -s
configure:21216: creating ./config.status

## ---------------------- ##
## Running config.status. ##
## ---------------------- ##

This file was extended by Clp config.status 1.10stable, which was
generated by GNU Autoconf 2.59.  Invocation command line was

  CONFIG_FILES    = 
  CONFIG_HEADERS  = 
  CONFIG_LINKS    = 
  CONFIG_COMMANDS = 
  $ ./config.status 

on zevtor

config.status:744: creating Makefile
config.status:927: executing depfiles commands
configure:22548: Main configuration of Clp successful

## ---------------- ##
## Cache variables. ##
## ---------------- ##

ac_cv_build=i386-apple-darwin10.3.0
ac_cv_build_alias=i386-apple-darwin10.3.0
ac_cv_c_compiler_gnu=yes
ac_cv_cxx_compiler_gnu=yes
ac_cv_env_ADD_CFLAGS_set=
ac_cv_env_ADD_CFLAGS_value=
ac_cv_env_ADD_CXXFLAGS_set=
ac_cv_env_ADD_CXXFLAGS_value=
ac_cv_env_ADD_FFLAGS_set=
ac_cv_env_ADD_FFLAGS_value=
ac_cv_env_CC_set=
ac_cv_env_CC_value=
ac_cv_env_CDEFS_set=
ac_cv_env_CDEFS_value=
ac_cv_env_CFLAGS_set=
ac_cv_env_CFLAGS_value=
ac_cv_env_COIN_SKIP_PROJECTS_set=
ac_cv_env_COIN_SKIP_PROJECTS_value=
ac_cv_env_CPPFLAGS_set=
ac_cv_env_CPPFLAGS_value=
ac_cv_env_CPP_set=
ac_cv_env_CPP_value=
ac_cv_env_CXXCPP_set=
ac_cv_env_CXXCPP_value=
ac_cv_env_CXXDEFS_set=
ac_cv_env_CXXDEFS_value=
ac_cv_env_CXXFLAGS_set=
ac_cv_env_CXXFLAGS_value=
ac_cv_env_CXX_set=
ac_cv_env_CXX_value=
ac_cv_env_DBG_CFLAGS_set=
ac_cv_env_DBG_CFLAGS_value=
ac_cv_env_DBG_CXXFLAGS_set=
ac_cv_env_DBG_CXXFLAGS_value=
ac_cv_env_DBG_FFLAGS_set=
ac_cv_env_DBG_FFLAGS_value=
ac_cv_env_F77_set=
ac_cv_env_F77_value=
ac_cv_env_FFLAGS_set=
ac_cv_env_FFLAGS_value=
ac_cv_env_LDFLAGS_set=
ac_cv_env_LDFLAGS_value=
ac_cv_env_MPICC_set=
ac_cv_env_MPICC_value=
ac_cv_env_MPICXX_set=
ac_cv_env_MPICXX_value=
ac_cv_env_MPIF77_set=
ac_cv_env_MPIF77_value=
ac_cv_env_OPT_CFLAGS_set=
ac_cv_env_OPT_CFLAGS_value=
ac_cv_env_OPT_CXXFLAGS_set=
ac_cv_env_OPT_CXXFLAGS_value=
ac_cv_env_OPT_FFLAGS_set=
ac_cv_env_OPT_FFLAGS_value=
ac_cv_env_build_alias_set=
ac_cv_env_build_alias_value=
ac_cv_env_host_alias_set=
ac_cv_env_host_alias_value=
ac_cv_env_target_alias_set=
ac_cv_env_target_alias_value=
ac_cv_exeext=
ac_cv_header_dlfcn_h=yes
ac_cv_header_inttypes_h=yes
ac_cv_header_memory_h=yes
ac_cv_header_stdc=yes
ac_cv_header_stdint_h=yes
ac_cv_header_stdlib_h=yes
ac_cv_header_string_h=yes
ac_cv_header_strings_h=yes
ac_cv_header_sys_stat_h=yes
ac_cv_header_sys_types_h=yes
ac_cv_header_unistd_h=yes
ac_cv_host=i386-apple-darwin10.3.0
ac_cv_host_alias=i386-apple-darwin10.3.0
ac_cv_objext=o
ac_cv_path_install='/usr/bin/install -c'
ac_cv_prog_AWK=gawk
ac_cv_prog_CPP='cc -E'
ac_cv_prog_CXXCPP='g++ -E'
ac_cv_prog_ac_ct_AR=ar
ac_cv_prog_ac_ct_CC=cc
ac_cv_prog_ac_ct_CXX=g++
ac_cv_prog_ac_ct_RANLIB=ranlib
ac_cv_prog_ac_ct_STRIP=strip
ac_cv_prog_cc_g=yes
ac_cv_prog_cc_stdc=
ac_cv_prog_cxx_g=yes
ac_cv_prog_egrep='grep -E'
ac_cv_prog_make_make_set=yes
am_cv_CC_dependencies_compiler_type=gcc3
am_cv_CXX_dependencies_compiler_type=gcc3
lt_cv_deplibs_check_method=pass_all
lt_cv_file_magic_cmd='$MAGIC_CMD'
lt_cv_file_magic_test_file=
lt_cv_ld_reload_flag=-r
lt_cv_objdir=.libs
lt_cv_path_LD=/usr/libexec/gcc/i686-apple-darwin10/4.2.1/ld
lt_cv_path_LDCXX=/usr/libexec/gcc/i686-apple-darwin10/4.2.1/ld
lt_cv_path_NM=/usr/bin/nm
lt_cv_path_SED=/opt/local/bin/gsed
lt_cv_prog_compiler_c_o=yes
lt_cv_prog_compiler_c_o_CXX=yes
lt_cv_prog_compiler_c_o_F77=no
lt_cv_prog_compiler_rtti_exceptions=no
lt_cv_prog_gnu_ld=no
lt_cv_prog_gnu_ldcxx=no
lt_cv_sys_global_symbol_pipe='sed -n -e '\''s/^.*[ 	]\([BCDEGRST][BCDEGRST]*\)[ 	][ 	]*_\([_A-Za-z][_A-Za-z0-9]*\)$/\1 _\2 \2/p'\'''
lt_cv_sys_global_symbol_to_c_name_address='sed -n -e '\''s/^: \([^ ]*\) $/  {\"\1\", (lt_ptr) 0},/p'\'' -e '\''s/^[BCDEGRST] \([^ ]*\) \([^ ]*\)$/  {"\2", (lt_ptr) \&\2},/p'\'''
lt_cv_sys_global_symbol_to_cdecl='sed -n -e '\''s/^. .* \(.*\)$/extern int \1;/p'\'''
lt_cv_sys_max_cmd_len=196608
lt_lt_cv_prog_compiler_c_o='"yes"'
lt_lt_cv_prog_compiler_c_o_CXX='"yes"'
lt_lt_cv_prog_compiler_c_o_F77='"no"'
lt_lt_cv_sys_global_symbol_pipe='"sed -n -e '\''s/^.*[ 	]\\([BCDEGRST][BCDEGRST]*\\)[ 	][ 	]*_\\([_A-Za-z][_A-Za-z0-9]*\\)\$/\\1 _\\2 \\2/p'\''"'
lt_lt_cv_sys_global_symbol_to_c_name_address='"sed -n -e '\''s/^: \\([^ ]*\\) \$/  {\\\"\\1\\\", (lt_ptr) 0},/p'\'' -e '\''s/^[BCDEGRST] \\([^ ]*\\) \\([^ ]*\\)\$/  {\"\\2\", (lt_ptr) \\&\\2},/p'\''"'
lt_lt_cv_sys_global_symbol_to_cdecl='"sed -n -e '\''s/^. .* \\(.*\\)\$/extern int \\1;/p'\''"'

## ----------------- ##
## Output variables. ##
## ----------------- ##

ACLOCAL='${SHELL} /optemo/site/lib/c_code/learningCodes/coin-Clp/missing --run aclocal-1.9'
ADD_CFLAGS=''
ADD_CXXFLAGS=''
ADD_FFLAGS=''
AMDEPBACKSLASH='\'
AMDEP_FALSE='#'
AMDEP_TRUE=''
AMTAR='${SHELL} /optemo/site/lib/c_code/learningCodes/coin-Clp/missing --run tar'
AR='ar'
AUTOCONF='${SHELL} /optemo/site/lib/c_code/learningCodes/coin-Clp/missing --run autoconf'
AUTOHEADER='${SHELL} /optemo/site/lib/c_code/learningCodes/coin-Clp/missing --run autoheader'
AUTOMAKE='${SHELL} /optemo/site/lib/c_code/learningCodes/coin-Clp/missing --run automake-1.9'
AUX_DIR=''
AWK='gawk'
BUILDTOOLSDIR=''
CC='cc'
CCDEPMODE='depmode=gcc3'
CDEFS=''
CFLAGS='-O3 -fomit-frame-pointer -pipe -DNDEBUG -Wimplicit -Wparentheses -Wsequence-point -Wreturn-type -Wcast-qual -Wall -Wno-unknown-pragmas  '
COIN_SKIP_PROJECTS=''
CPP='cc -E'
CPPFLAGS=''
CXX='g++'
CXXCPP='g++ -E'
CXXDEFS=''
CXXDEPMODE='depmode=gcc3'
CXXFLAGS='-O3 -fomit-frame-pointer -pipe -DNDEBUG -Wimplicit -Wparentheses -Wreturn-type -Wcast-qual -Wall -Wpointer-arith -Wwrite-strings -Wconversion -Wno-unknown-pragmas  '
CYGPATH_W='echo'
DBG_CFLAGS='-g -pipe -Wimplicit -Wparentheses -Wsequence-point -Wreturn-type -Wcast-qual -Wall -Wno-unknown-pragmas  '
DBG_CXXFLAGS='-g -pipe -Wimplicit -Wparentheses -Wreturn-type -Wcast-qual -Wall -Wpointer-arith -Wwrite-strings -Wconversion -Wno-unknown-pragmas  '
DBG_FFLAGS=' '
DEFS='-DPACKAGE_NAME=\"Clp\" -DPACKAGE_TARNAME=\"clp\" -DPACKAGE_VERSION=\"1.10stable\" -DPACKAGE_STRING=\"Clp\ 1.10stable\" -DPACKAGE_BUGREPORT=\"coin-clp@lists.coin-or.org\" -DPACKAGE=\"clp\" -DVERSION=\"1.10stable\" -DSTDC_HEADERS=1 -DHAVE_SYS_TYPES_H=1 -DHAVE_SYS_STAT_H=1 -DHAVE_STDLIB_H=1 -DHAVE_STRING_H=1 -DHAVE_MEMORY_H=1 -DHAVE_STRINGS_H=1 -DHAVE_INTTYPES_H=1 -DHAVE_STDINT_H=1 -DHAVE_UNISTD_H=1 -DHAVE_DLFCN_H=1 '
DEPDIR='.deps'
ECHO='/bin/echo'
ECHO_C='ECHO_N=''
ECHO_T=''
EGREP='grep -E'
EXEEXT=''
F77='unavailable'
FFLAGS=' '
HAVE_EXTERNALS_FALSE=''
HAVE_EXTERNALS_TRUE='#'
INSTALL_DATA='${INSTALL} -m 644'
INSTALL_PROGRAM='${INSTALL}'
INSTALL_SCRIPT='${INSTALL}'
INSTALL_STRIP_PROGRAM='${SHELL} $(install_sh) -c -s'
LDFLAGS=''
LIBEXT='a'
LIBOBJS=''
LIBS=''
LIBTOOL='$(SHELL) $(top_builddir)/libtool'
LIBTOOLM4=''
LN_S='ln -s'
LTLIBOBJS=''
LT_LDFLAGS=''
MAINT='#'
MAINTAINER_MODE_FALSE=''
MAINTAINER_MODE_TRUE='#'
MAKEINFO='${SHELL} /optemo/site/lib/c_code/learningCodes/coin-Clp/missing --run makeinfo'
MPICC=''
MPICXX=''
MPIF77=''
OBJEXT='o'
OPT_CFLAGS='-O3 -fomit-frame-pointer -pipe -DNDEBUG -Wimplicit -Wparentheses -Wsequence-point -Wreturn-type -Wcast-qual -Wall -Wno-unknown-pragmas  '
OPT_CXXFLAGS='-O3 -fomit-frame-pointer -pipe -DNDEBUG -Wimplicit -Wparentheses -Wreturn-type -Wcast-qual -Wall -Wpointer-arith -Wwrite-strings -Wconversion -Wno-unknown-pragmas  '
OPT_FFLAGS=' '
PACKAGE='clp'
PACKAGE_BUGREPORT='coin-clp@lists.coin-or.org'
PACKAGE_NAME='Clp'
PACKAGE_STRING='Clp 1.10stable'
PACKAGE_TARNAME='clp'
PACKAGE_VERSION='1.10stable'
PATH_SEPARATOR=':'
RANLIB='ranlib'
RPATH_FLAGS=''
SET_MAKE=''
SHELL='/bin/sh'
STRIP='strip'
VERSION='1.10stable'
VPATH_DISTCLEANFILES=''
abs_bin_dir='/optemo/site/lib/c_code/learningCodes/coin-Clp/bin'
abs_include_dir='/optemo/site/lib/c_code/learningCodes/coin-Clp/include'
abs_lib_dir='/optemo/site/lib/c_code/learningCodes/coin-Clp/lib'
abs_source_dir='/optemo/site/lib/c_code/learningCodes/coin-Clp'
ac_c_preproc_warn_flag=''
ac_ct_AR='ar'
ac_ct_CC='cc'
ac_ct_CXX='g++'
ac_ct_F77=''
ac_ct_RANLIB='ranlib'
ac_ct_STRIP='strip'
ac_cxx_preproc_warn_flag=''
am__fastdepCC_FALSE='#'
am__fastdepCC_TRUE=''
am__fastdepCXX_FALSE='#'
am__fastdepCXX_TRUE=''
am__include='include'
am__leading_dot='.'
am__quote=''
am__tar='${AMTAR} chof - "$$tardir"'
am__untar='${AMTAR} xf -'
bindir='${exec_prefix}/bin'
build='i386-apple-darwin10.3.0'
build_alias=''
build_cpu='i386'
build_os='darwin10.3.0'
build_vendor='apple'
datadir='${prefix}/share'
exec_prefix='${prefix}'
have_autoconf=''
have_automake=''
have_svn=''
host='i386-apple-darwin10.3.0'
host_alias=''
host_cpu='i386'
host_os='darwin10.3.0'
host_vendor='apple'
includedir='${prefix}/include'
infodir='${prefix}/info'
install_sh='/optemo/site/lib/c_code/learningCodes/coin-Clp/install-sh'
libdir='${exec_prefix}/lib'
libexecdir='${exec_prefix}/libexec'
localstatedir='${prefix}/var'
mandir='${prefix}/man'
mkdir_p='$(install_sh) -d'
oldincludedir='/usr/include'
prefix='/optemo/site/lib/c_code/learningCodes/coin-Clp'
program_transform_name='s,x,x,'
sbindir='${exec_prefix}/sbin'
sharedstatedir='${prefix}/com'
sol_cc_compiler=''
subdirs=''
sysconfdir='${prefix}/etc'
target_alias=''

## ----------- ##
## confdefs.h. ##
## ----------- ##

#define HAVE_DLFCN_H 1
#define HAVE_INTTYPES_H 1
#define HAVE_MEMORY_H 1
#define HAVE_STDINT_H 1
#define HAVE_STDLIB_H 1
#define HAVE_STRINGS_H 1
#define HAVE_STRING_H 1
#define HAVE_SYS_STAT_H 1
#define HAVE_SYS_TYPES_H 1
#define HAVE_UNISTD_H 1
#define PACKAGE "clp"
#define PACKAGE_BUGREPORT "coin-clp@lists.coin-or.org"
#define PACKAGE_NAME "Clp"
#define PACKAGE_STRING "Clp 1.10stable"
#define PACKAGE_TARNAME "clp"
#define PACKAGE_VERSION "1.10stable"
#define STDC_HEADERS 1
#define VERSION "1.10stable"
#endif
#ifdef __cplusplus
extern "C" void exit (int);

configure: exit 0
